# JRE version: Java(TM) SE Runtime Environment (8.0_20-b26) (build 1.8.0_20-b26)
# Java VM: Java HotSpot(TM) 64-Bit Server VM (25.20-b23 mixed mode windows-amd64 compressed oops)
Heap:
 PSYoungGen      total 224768K, used 86566K [0x00000000d6c00000, 0x00000000e5d80000, 0x0000000100000000)
  eden space 209408K, 34% used [0x00000000d6c00000,0x00000000db2690f0,0x00000000e3880000)
  from space 15360K, 94% used [0x00000000e4e80000,0x00000000e5ca0a50,0x00000000e5d80000)
  to   space 18944K, 0% used [0x00000000e3880000,0x00000000e3880000,0x00000000e4b00000)
 ParOldGen       total 153600K, used 36934K [0x0000000084400000, 0x000000008da00000, 0x00000000d6c00000)
  object space 153600K, 24% used [0x0000000084400000,0x0000000086811900,0x000000008da00000)
 Metaspace       used 73068K, capacity 75340K, committed 75480K, reserved 1116160K
  class space    used 8376K, capacity 8879K, committed 8960K, reserved 1048576K
GC Heap History (10 events):
Event: 14.033 GC heap before
{Heap before GC invocations=13 (full 2):
 PSYoungGen      total 143872K, used 143870K [0x00000000d6c00000, 0x00000000e0a80000, 0x0000000100000000)
  eden space 132096K, 100% used [0x00000000d6c00000,0x00000000ded00000,0x00000000ded00000)
  from space 11776K, 99% used [0x00000000df980000,0x00000000e04ff908,0x00000000e0500000)
  to   space 12800K, 0% used [0x00000000ded00000,0x00000000ded00000,0x00000000df980000)
 ParOldGen       total 112128K, used 22126K [0x0000000084400000, 0x000000008b180000, 0x00000000d6c00000)
  object space 112128K, 19% used [0x0000000084400000,0x000000008599b998,0x000000008b180000)
 Metaspace       used 54911K, capacity 56122K, committed 56576K, reserved 1099776K
  class space    used 6442K, capacity 6800K, committed 6912K, reserved 1048576K
Event: 14.094 GC heap after
Heap after GC invocations=13 (full 2):
 PSYoungGen      total 144896K, used 12799K [0x00000000d6c00000, 0x00000000e3280000, 0x0000000100000000)
  eden space 132096K, 0% used [0x00000000d6c00000,0x00000000d6c00000,0x00000000ded00000)
  from space 12800K, 99% used [0x00000000ded00000,0x00000000df97fd50,0x00000000df980000)
  to   space 16384K, 0% used [0x00000000e2280000,0x00000000e2280000,0x00000000e3280000)
 ParOldGen       total 112128K, used 27749K [0x0000000084400000, 0x000000008b180000, 0x00000000d6c00000)
  object space 112128K, 24% used [0x0000000084400000,0x0000000085f196c8,0x000000008b180000)
 Metaspace       used 54911K, capacity 56122K, committed 56576K, reserved 1099776K
  class space    used 6442K, capacity 6800K, committed 6912K, reserved 1048576K
}
Event: 15.447 GC heap before
{Heap before GC invocations=14 (full 2):
 PSYoungGen      total 144896K, used 89036K [0x00000000d6c00000, 0x00000000e3280000, 0x0000000100000000)
  eden space 132096K, 57% used [0x00000000d6c00000,0x00000000db673680,0x00000000ded00000)
  from space 12800K, 99% used [0x00000000ded00000,0x00000000df97fd50,0x00000000df980000)
  to   space 16384K, 0% used [0x00000000e2280000,0x00000000e2280000,0x00000000e3280000)
 ParOldGen       total 112128K, used 27749K [0x0000000084400000, 0x000000008b180000, 0x00000000d6c00000)
  object space 112128K, 24% used [0x0000000084400000,0x0000000085f196c8,0x000000008b180000)
 Metaspace       used 57537K, capacity 58762K, committed 59096K, reserved 1101824K
  class space    used 6738K, capacity 7096K, committed 7168K, reserved 1048576K
Event: 15.486 GC heap after
Heap after GC invocations=14 (full 2):
 PSYoungGen      total 184832K, used 16363K [0x00000000d6c00000, 0x00000000e3880000, 0x0000000100000000)
  eden space 168448K, 0% used [0x00000000d6c00000,0x00000000d6c00000,0x00000000e1080000)
  from space 16384K, 99% used [0x00000000e2280000,0x00000000e327ac30,0x00000000e3280000)
  to   space 18432K, 0% used [0x00000000e1080000,0x00000000e1080000,0x00000000e2280000)
 ParOldGen       total 112128K, used 28405K [0x0000000084400000, 0x000000008b180000, 0x00000000d6c00000)
  object space 112128K, 25% used [0x0000000084400000,0x0000000085fbd750,0x000000008b180000)
 Metaspace       used 57537K, capacity 58762K, committed 59096K, reserved 1101824K
  class space    used 6738K, capacity 7096K, committed 7168K, reserved 1048576K
}
Event: 15.486 GC heap before
{Heap before GC invocations=15 (full 3):
 PSYoungGen      total 184832K, used 16363K [0x00000000d6c00000, 0x00000000e3880000, 0x0000000100000000)
  eden space 168448K, 0% used [0x00000000d6c00000,0x00000000d6c00000,0x00000000e1080000)
  from space 16384K, 99% used [0x00000000e2280000,0x00000000e327ac30,0x00000000e3280000)
  to   space 18432K, 0% used [0x00000000e1080000,0x00000000e1080000,0x00000000e2280000)
 ParOldGen       total 112128K, used 28405K [0x0000000084400000, 0x000000008b180000, 0x00000000d6c00000)
  object space 112128K, 25% used [0x0000000084400000,0x0000000085fbd750,0x000000008b180000)
 Metaspace       used 57537K, capacity 58762K, committed 59096K, reserved 1101824K
  class space    used 6738K, capacity 7096K, committed 7168K, reserved 1048576K
Event: 15.710 GC heap after
Heap after GC invocations=15 (full 3):
 PSYoungGen      total 184832K, used 0K [0x00000000d6c00000, 0x00000000e3880000, 0x0000000100000000)
  eden space 168448K, 0% used [0x00000000d6c00000,0x00000000d6c00000,0x00000000e1080000)
  from space 16384K, 0% used [0x00000000e2280000,0x00000000e2280000,0x00000000e3280000)
  to   space 18432K, 0% used [0x00000000e1080000,0x00000000e1080000,0x00000000e2280000)
 ParOldGen       total 153600K, used 36918K [0x0000000084400000, 0x000000008da00000, 0x00000000d6c00000)
  object space 153600K, 24% used [0x0000000084400000,0x000000008680d900,0x000000008da00000)
 Metaspace       used 57537K, capacity 58762K, committed 59096K, reserved 1101824K
  class space    used 6738K, capacity 7096K, committed 7168K, reserved 1048576K
}
Event: 17.751 GC heap before
{Heap before GC invocations=16 (full 3):
 PSYoungGen      total 184832K, used 168448K [0x00000000d6c00000, 0x00000000e3880000, 0x0000000100000000)
  eden space 168448K, 100% used [0x00000000d6c00000,0x00000000e1080000,0x00000000e1080000)
  from space 16384K, 0% used [0x00000000e2280000,0x00000000e2280000,0x00000000e3280000)
  to   space 18432K, 0% used [0x00000000e1080000,0x00000000e1080000,0x00000000e2280000)
 ParOldGen       total 153600K, used 36918K [0x0000000084400000, 0x000000008da00000, 0x00000000d6c00000)
  object space 153600K, 24% used [0x0000000084400000,0x000000008680d900,0x000000008da00000)
 Metaspace       used 62330K, capacity 63652K, committed 64216K, reserved 1105920K
  class space    used 7252K, capacity 7623K, committed 7680K, reserved 1048576K
Event: 17.766 GC heap after
Heap after GC invocations=16 (full 3):
 PSYoungGen      total 186880K, used 7150K [0x00000000d6c00000, 0x00000000e6000000, 0x0000000100000000)
  eden space 168448K, 0% used [0x00000000d6c00000,0x00000000d6c00000,0x00000000e1080000)
  from space 18432K, 38% used [0x00000000e1080000,0x00000000e177bbc0,0x00000000e2280000)
  to   space 17920K, 0% used [0x00000000e4e80000,0x00000000e4e80000,0x00000000e6000000)
 ParOldGen       total 153600K, used 36926K [0x0000000084400000, 0x000000008da00000, 0x00000000d6c00000)
  object space 153600K, 24% used [0x0000000084400000,0x000000008680f900,0x000000008da00000)
 Metaspace       used 62330K, capacity 63652K, committed 64216K, reserved 1105920K
  class space    used 7252K, capacity 7623K, committed 7680K, reserved 1048576K
}
Event: 20.510 GC heap before
{Heap before GC invocations=17 (full 3):
 PSYoungGen      total 186880K, used 175598K [0x00000000d6c00000, 0x00000000e6000000, 0x0000000100000000)
  eden space 168448K, 100% used [0x00000000d6c00000,0x00000000e1080000,0x00000000e1080000)
  from space 18432K, 38% used [0x00000000e1080000,0x00000000e177bbc0,0x00000000e2280000)
  to   space 17920K, 0% used [0x00000000e4e80000,0x00000000e4e80000,0x00000000e6000000)
 ParOldGen       total 153600K, used 36926K [0x0000000084400000, 0x000000008da00000, 0x00000000d6c00000)
  object space 153600K, 24% used [0x0000000084400000,0x000000008680f900,0x000000008da00000)
 Metaspace       used 70288K, capacity 72490K, committed 72664K, reserved 1114112K
  class space    used 8091K, capacity 8580K, committed 8704K, reserved 1048576K
Event: 20.525 GC heap after
Heap after GC invocations=17 (full 3):
 PSYoungGen      total 224768K, used 14466K [0x00000000d6c00000, 0x00000000e5d80000, 0x0000000100000000)
  eden space 209408K, 0% used [0x00000000d6c00000,0x00000000d6c00000,0x00000000e3880000)
  from space 15360K, 94% used [0x00000000e4e80000,0x00000000e5ca0a50,0x00000000e5d80000)
  to   space 18944K, 0% used [0x00000000e3880000,0x00000000e3880000,0x00000000e4b00000)
 ParOldGen       total 153600K, used 36934K [0x0000000084400000, 0x000000008da00000, 0x00000000d6c00000)
  object space 153600K, 24% used [0x0000000084400000,0x0000000086811900,0x000000008da00000)
 Metaspace       used 70288K, capacity 72490K, committed 72664K, reserved 1114112K
  class space    used 8091K, capacity 8580K, committed 8704K, reserved 1048576K
}

