# JRE version: Java(TM) SE Runtime Environment (8.0_20-b26) (build 1.8.0_20-b26)
# Java VM: Java HotSpot(TM) 64-Bit Server VM (25.20-b23 mixed mode windows-amd64 compressed oops)
Heap:
 PSYoungGen      total 296960K, used 161256K [0x00000000d6c00000, 0x00000000ea680000, 0x0000000100000000)
  eden space 279040K, 52% used [0x00000000d6c00000,0x00000000df9eaa80,0x00000000e7c80000)
  from space 17920K, 88% used [0x00000000e9500000,0x00000000ea48f600,0x00000000ea680000)
  to   space 21504K, 0% used [0x00000000e7c80000,0x00000000e7c80000,0x00000000e9180000)
 ParOldGen       total 167424K, used 36944K [0x0000000084400000, 0x000000008e780000, 0x00000000d6c00000)
  object space 167424K, 22% used [0x0000000084400000,0x0000000086814178,0x000000008e780000)
 Metaspace       used 85192K, capacity 87572K, committed 87896K, reserved 1128448K
  class space    used 9242K, capacity 9756K, committed 9856K, reserved 1048576K
GC Heap History (10 events):
Event: 22.113 GC heap before
{Heap before GC invocations=17 (full 3):
 PSYoungGen      total 171008K, used 157572K [0x00000000d6c00000, 0x00000000e4880000, 0x0000000100000000)
  eden space 151040K, 100% used [0x00000000d6c00000,0x00000000dff80000,0x00000000dff80000)
  from space 19968K, 32% used [0x00000000dff80000,0x00000000e05e1168,0x00000000e1300000)
  to   space 19968K, 0% used [0x00000000e3500000,0x00000000e3500000,0x00000000e4880000)
 ParOldGen       total 167424K, used 36904K [0x0000000084400000, 0x000000008e780000, 0x00000000d6c00000)
  object space 167424K, 22% used [0x0000000084400000,0x000000008680a178,0x000000008e780000)
 Metaspace       used 65553K, capacity 66968K, committed 67416K, reserved 1107968K
  class space    used 7608K, capacity 8001K, committed 8064K, reserved 1048576K
Event: 22.131 GC heap after
Heap after GC invocations=17 (full 3):
 PSYoungGen      total 194560K, used 10050K [0x00000000d6c00000, 0x00000000e4200000, 0x0000000100000000)
  eden space 181248K, 0% used [0x00000000d6c00000,0x00000000d6c00000,0x00000000e1d00000)
  from space 13312K, 75% used [0x00000000e3500000,0x00000000e3ed09a8,0x00000000e4200000)
  to   space 18944K, 0% used [0x00000000e1d00000,0x00000000e1d00000,0x00000000e2f80000)
 ParOldGen       total 167424K, used 36912K [0x0000000084400000, 0x000000008e780000, 0x00000000d6c00000)
  object space 167424K, 22% used [0x0000000084400000,0x000000008680c178,0x000000008e780000)
 Metaspace       used 65553K, capacity 66968K, committed 67416K, reserved 1107968K
  class space    used 7608K, capacity 8001K, committed 8064K, reserved 1048576K
}
Event: 23.856 GC heap before
{Heap before GC invocations=18 (full 3):
 PSYoungGen      total 194560K, used 191298K [0x00000000d6c00000, 0x00000000e4200000, 0x0000000100000000)
  eden space 181248K, 100% used [0x00000000d6c00000,0x00000000e1d00000,0x00000000e1d00000)
  from space 13312K, 75% used [0x00000000e3500000,0x00000000e3ed09a8,0x00000000e4200000)
  to   space 18944K, 0% used [0x00000000e1d00000,0x00000000e1d00000,0x00000000e2f80000)
 ParOldGen       total 167424K, used 36912K [0x0000000084400000, 0x000000008e780000, 0x00000000d6c00000)
  object space 167424K, 22% used [0x0000000084400000,0x000000008680c178,0x000000008e780000)
 Metaspace       used 69595K, capacity 70980K, committed 71384K, reserved 1112064K
  class space    used 7970K, capacity 8355K, committed 8448K, reserved 1048576K
Event: 23.911 GC heap after
Heap after GC invocations=18 (full 3):
 PSYoungGen      total 200192K, used 17468K [0x00000000d6c00000, 0x00000000e7000000, 0x0000000100000000)
  eden space 181248K, 0% used [0x00000000d6c00000,0x00000000d6c00000,0x00000000e1d00000)
  from space 18944K, 92% used [0x00000000e1d00000,0x00000000e2e0f358,0x00000000e2f80000)
  to   space 20992K, 0% used [0x00000000e5b80000,0x00000000e5b80000,0x00000000e7000000)
 ParOldGen       total 167424K, used 36920K [0x0000000084400000, 0x000000008e780000, 0x00000000d6c00000)
  object space 167424K, 22% used [0x0000000084400000,0x000000008680e178,0x000000008e780000)
 Metaspace       used 69595K, capacity 70980K, committed 71384K, reserved 1112064K
  class space    used 7970K, capacity 8355K, committed 8448K, reserved 1048576K
}
Event: 24.447 GC heap before
{Heap before GC invocations=19 (full 3):
 PSYoungGen      total 200192K, used 198716K [0x00000000d6c00000, 0x00000000e7000000, 0x0000000100000000)
  eden space 181248K, 100% used [0x00000000d6c00000,0x00000000e1d00000,0x00000000e1d00000)
  from space 18944K, 92% used [0x00000000e1d00000,0x00000000e2e0f358,0x00000000e2f80000)
  to   space 20992K, 0% used [0x00000000e5b80000,0x00000000e5b80000,0x00000000e7000000)
 ParOldGen       total 167424K, used 36920K [0x0000000084400000, 0x000000008e780000, 0x00000000d6c00000)
  object space 167424K, 22% used [0x0000000084400000,0x000000008680e178,0x000000008e780000)
 Metaspace       used 71043K, capacity 72388K, committed 72920K, reserved 1114112K
  class space    used 8056K, capacity 8419K, committed 8448K, reserved 1048576K
Event: 24.474 GC heap after
Heap after GC invocations=19 (full 3):
 PSYoungGen      total 245248K, used 14079K [0x00000000d6c00000, 0x00000000e7900000, 0x0000000100000000)
  eden space 224256K, 0% used [0x00000000d6c00000,0x00000000d6c00000,0x00000000e4700000)
  from space 20992K, 67% used [0x00000000e5b80000,0x00000000e693fc08,0x00000000e7000000)
  to   space 20992K, 0% used [0x00000000e4700000,0x00000000e4700000,0x00000000e5b80000)
 ParOldGen       total 167424K, used 36928K [0x0000000084400000, 0x000000008e780000, 0x00000000d6c00000)
  object space 167424K, 22% used [0x0000000084400000,0x0000000086810178,0x000000008e780000)
 Metaspace       used 71043K, capacity 72388K, committed 72920K, reserved 1114112K
  class space    used 8056K, capacity 8419K, committed 8448K, reserved 1048576K
}
Event: 25.127 GC heap before
{Heap before GC invocations=20 (full 3):
 PSYoungGen      total 245248K, used 238335K [0x00000000d6c00000, 0x00000000e7900000, 0x0000000100000000)
  eden space 224256K, 100% used [0x00000000d6c00000,0x00000000e4700000,0x00000000e4700000)
  from space 20992K, 67% used [0x00000000e5b80000,0x00000000e693fc08,0x00000000e7000000)
  to   space 20992K, 0% used [0x00000000e4700000,0x00000000e4700000,0x00000000e5b80000)
 ParOldGen       total 167424K, used 36928K [0x0000000084400000, 0x000000008e780000, 0x00000000d6c00000)
  object space 167424K, 22% used [0x0000000084400000,0x0000000086810178,0x000000008e780000)
 Metaspace       used 72612K, capacity 73988K, committed 74328K, reserved 1116160K
  class space    used 8174K, capacity 8547K, committed 8576K, reserved 1048576K
Event: 25.229 GC heap after
Heap after GC invocations=20 (full 3):
 PSYoungGen      total 245248K, used 14407K [0x00000000d6c00000, 0x00000000ea980000, 0x0000000100000000)
  eden space 224256K, 0% used [0x00000000d6c00000,0x00000000d6c00000,0x00000000e4700000)
  from space 20992K, 68% used [0x00000000e4700000,0x00000000e5511d50,0x00000000e5b80000)
  to   space 20992K, 0% used [0x00000000e9500000,0x00000000e9500000,0x00000000ea980000)
 ParOldGen       total 167424K, used 36936K [0x0000000084400000, 0x000000008e780000, 0x00000000d6c00000)
  object space 167424K, 22% used [0x0000000084400000,0x0000000086812178,0x000000008e780000)
 Metaspace       used 72612K, capacity 73988K, committed 74328K, reserved 1116160K
  class space    used 8174K, capacity 8547K, committed 8576K, reserved 1048576K
}
Event: 28.226 GC heap before
{Heap before GC invocations=21 (full 3):
 PSYoungGen      total 245248K, used 238663K [0x00000000d6c00000, 0x00000000ea980000, 0x0000000100000000)
  eden space 224256K, 100% used [0x00000000d6c00000,0x00000000e4700000,0x00000000e4700000)
  from space 20992K, 68% used [0x00000000e4700000,0x00000000e5511d50,0x00000000e5b80000)
  to   space 20992K, 0% used [0x00000000e9500000,0x00000000e9500000,0x00000000ea980000)
 ParOldGen       total 167424K, used 36936K [0x0000000084400000, 0x000000008e780000, 0x00000000d6c00000)
  object space 167424K, 22% used [0x0000000084400000,0x0000000086812178,0x000000008e780000)
 Metaspace       used 77926K, capacity 79336K, committed 79832K, reserved 1120256K
  class space    used 8506K, capacity 8874K, committed 8960K, reserved 1048576K
Event: 28.271 GC heap after
Heap after GC invocations=21 (full 3):
 PSYoungGen      total 296960K, used 15933K [0x00000000d6c00000, 0x00000000ea680000, 0x0000000100000000)
  eden space 279040K, 0% used [0x00000000d6c00000,0x00000000d6c00000,0x00000000e7c80000)
  from space 17920K, 88% used [0x00000000e9500000,0x00000000ea48f600,0x00000000ea680000)
  to   space 21504K, 0% used [0x00000000e7c80000,0x00000000e7c80000,0x00000000e9180000)
 ParOldGen       total 167424K, used 36944K [0x0000000084400000, 0x000000008e780000, 0x00000000d6c00000)
  object space 167424K, 22% used [0x0000000084400000,0x0000000086814178,0x000000008e780000)
 Metaspace       used 77926K, capacity 79336K, committed 79832K, reserved 1120256K
  class space    used 8506K, capacity 8874K, committed 8960K, reserved 1048576K
}

