# JRE version: Java(TM) SE Runtime Environment (8.0_20-b26) (build 1.8.0_20-b26)
# Java VM: Java HotSpot(TM) 64-Bit Server VM (25.20-b23 mixed mode windows-amd64 compressed oops)
Heap:
 PSYoungGen      total 294400K, used 19429K [0x00000000d6c00000, 0x00000000ed800000, 0x0000000100000000)
  eden space 284672K, 3% used [0x00000000d6c00000,0x00000000d7706308,0x00000000e8200000)
  from space 9728K, 83% used [0x00000000e8200000,0x00000000e89f34b8,0x00000000e8b80000)
  to   space 10240K, 0% used [0x00000000ece00000,0x00000000ece00000,0x00000000ed800000)
 ParOldGen       total 128000K, used 40770K [0x0000000084400000, 0x000000008c100000, 0x00000000d6c00000)
  object space 128000K, 31% used [0x0000000084400000,0x0000000086bd0bb0,0x000000008c100000)
 Metaspace       used 66370K, capacity 67814K, committed 68352K, reserved 1110016K
  class space    used 7687K, capacity 8078K, committed 8192K, reserved 1048576K
GC Heap History (10 events):
Event: 32.972 GC heap before
{Heap before GC invocations=22 (full 2):
 PSYoungGen      total 204800K, used 202673K [0x00000000d6c00000, 0x00000000e6780000, 0x0000000100000000)
  eden space 196096K, 100% used [0x00000000d6c00000,0x00000000e2b80000,0x00000000e2b80000)
  from space 8704K, 75% used [0x00000000e2b80000,0x00000000e31ec528,0x00000000e3400000)
  to   space 8704K, 0% used [0x00000000e5f00000,0x00000000e5f00000,0x00000000e6780000)
 ParOldGen       total 89088K, used 29272K [0x0000000084400000, 0x0000000089b00000, 0x00000000d6c00000)
  object space 89088K, 32% used [0x0000000084400000,0x0000000086096040,0x0000000089b00000)
 Metaspace       used 56257K, capacity 57514K, committed 57984K, reserved 1099776K
  class space    used 6587K, capacity 6936K, committed 7040K, reserved 1048576K
Event: 32.990 GC heap after
Heap after GC invocations=22 (full 2):
 PSYoungGen      total 244224K, used 7371K [0x00000000d6c00000, 0x00000000e6680000, 0x0000000100000000)
  eden space 236544K, 0% used [0x00000000d6c00000,0x00000000d6c00000,0x00000000e5300000)
  from space 7680K, 95% used [0x00000000e5f00000,0x00000000e6632d70,0x00000000e6680000)
  to   space 9216K, 0% used [0x00000000e5480000,0x00000000e5480000,0x00000000e5d80000)
 ParOldGen       total 89088K, used 33228K [0x0000000084400000, 0x0000000089b00000, 0x00000000d6c00000)
  object space 89088K, 37% used [0x0000000084400000,0x00000000864733f8,0x0000000089b00000)
 Metaspace       used 56257K, capacity 57514K, committed 57984K, reserved 1099776K
  class space    used 6587K, capacity 6936K, committed 7040K, reserved 1048576K
}
Event: 33.650 GC heap before
{Heap before GC invocations=23 (full 2):
 PSYoungGen      total 244224K, used 77288K [0x00000000d6c00000, 0x00000000e6680000, 0x0000000100000000)
  eden space 236544K, 29% used [0x00000000d6c00000,0x00000000db047418,0x00000000e5300000)
  from space 7680K, 95% used [0x00000000e5f00000,0x00000000e6632d70,0x00000000e6680000)
  to   space 9216K, 0% used [0x00000000e5480000,0x00000000e5480000,0x00000000e5d80000)
 ParOldGen       total 89088K, used 33228K [0x0000000084400000, 0x0000000089b00000, 0x00000000d6c00000)
  object space 89088K, 37% used [0x0000000084400000,0x00000000864733f8,0x0000000089b00000)
 Metaspace       used 57666K, capacity 58902K, committed 59136K, reserved 1101824K
  class space    used 6734K, capacity 7098K, committed 7168K, reserved 1048576K
Event: 33.665 GC heap after
Heap after GC invocations=23 (full 2):
 PSYoungGen      total 247296K, used 2141K [0x00000000d6c00000, 0x00000000e9680000, 0x0000000100000000)
  eden space 238080K, 0% used [0x00000000d6c00000,0x00000000d6c00000,0x00000000e5480000)
  from space 9216K, 23% used [0x00000000e5480000,0x00000000e56974e8,0x00000000e5d80000)
  to   space 9216K, 0% used [0x00000000e8d80000,0x00000000e8d80000,0x00000000e9680000)
 ParOldGen       total 89088K, used 37228K [0x0000000084400000, 0x0000000089b00000, 0x00000000d6c00000)
  object space 89088K, 41% used [0x0000000084400000,0x000000008685b088,0x0000000089b00000)
 Metaspace       used 57666K, capacity 58902K, committed 59136K, reserved 1101824K
  class space    used 6734K, capacity 7098K, committed 7168K, reserved 1048576K
}
Event: 33.665 GC heap before
{Heap before GC invocations=24 (full 3):
 PSYoungGen      total 247296K, used 2141K [0x00000000d6c00000, 0x00000000e9680000, 0x0000000100000000)
  eden space 238080K, 0% used [0x00000000d6c00000,0x00000000d6c00000,0x00000000e5480000)
  from space 9216K, 23% used [0x00000000e5480000,0x00000000e56974e8,0x00000000e5d80000)
  to   space 9216K, 0% used [0x00000000e8d80000,0x00000000e8d80000,0x00000000e9680000)
 ParOldGen       total 89088K, used 37228K [0x0000000084400000, 0x0000000089b00000, 0x00000000d6c00000)
  object space 89088K, 41% used [0x0000000084400000,0x000000008685b088,0x0000000089b00000)
 Metaspace       used 57666K, capacity 58902K, committed 59136K, reserved 1101824K
  class space    used 6734K, capacity 7098K, committed 7168K, reserved 1048576K
Event: 33.929 GC heap after
Heap after GC invocations=24 (full 3):
 PSYoungGen      total 247296K, used 0K [0x00000000d6c00000, 0x00000000e9680000, 0x0000000100000000)
  eden space 238080K, 0% used [0x00000000d6c00000,0x00000000d6c00000,0x00000000e5480000)
  from space 9216K, 0% used [0x00000000e5480000,0x00000000e5480000,0x00000000e5d80000)
  to   space 9216K, 0% used [0x00000000e8d80000,0x00000000e8d80000,0x00000000e9680000)
 ParOldGen       total 128000K, used 36900K [0x0000000084400000, 0x000000008c100000, 0x00000000d6c00000)
  object space 128000K, 28% used [0x0000000084400000,0x0000000086809018,0x000000008c100000)
 Metaspace       used 57666K, capacity 58902K, committed 59136K, reserved 1101824K
  class space    used 6734K, capacity 7098K, committed 7168K, reserved 1048576K
}
Event: 36.060 GC heap before
{Heap before GC invocations=25 (full 3):
 PSYoungGen      total 247296K, used 238080K [0x00000000d6c00000, 0x00000000e9680000, 0x0000000100000000)
  eden space 238080K, 100% used [0x00000000d6c00000,0x00000000e5480000,0x00000000e5480000)
  from space 9216K, 0% used [0x00000000e5480000,0x00000000e5480000,0x00000000e5d80000)
  to   space 9216K, 0% used [0x00000000e8d80000,0x00000000e8d80000,0x00000000e9680000)
 ParOldGen       total 128000K, used 36900K [0x0000000084400000, 0x000000008c100000, 0x00000000d6c00000)
  object space 128000K, 28% used [0x0000000084400000,0x0000000086809018,0x000000008c100000)
 Metaspace       used 62462K, capacity 63798K, committed 64256K, reserved 1105920K
  class space    used 7256K, capacity 7626K, committed 7680K, reserved 1048576K
Event: 36.093 GC heap after
Heap after GC invocations=25 (full 3):
 PSYoungGen      total 292352K, used 6787K [0x00000000d6c00000, 0x00000000e9500000, 0x0000000100000000)
  eden space 284672K, 0% used [0x00000000d6c00000,0x00000000d6c00000,0x00000000e8200000)
  from space 7680K, 88% used [0x00000000e8d80000,0x00000000e9420c40,0x00000000e9500000)
  to   space 9728K, 0% used [0x00000000e8200000,0x00000000e8200000,0x00000000e8b80000)
 ParOldGen       total 128000K, used 36908K [0x0000000084400000, 0x000000008c100000, 0x00000000d6c00000)
  object space 128000K, 28% used [0x0000000084400000,0x000000008680b018,0x000000008c100000)
 Metaspace       used 62462K, capacity 63798K, committed 64256K, reserved 1105920K
  class space    used 7256K, capacity 7626K, committed 7680K, reserved 1048576K
}
Event: 42.512 GC heap before
{Heap before GC invocations=26 (full 3):
 PSYoungGen      total 292352K, used 291459K [0x00000000d6c00000, 0x00000000e9500000, 0x0000000100000000)
  eden space 284672K, 100% used [0x00000000d6c00000,0x00000000e8200000,0x00000000e8200000)
  from space 7680K, 88% used [0x00000000e8d80000,0x00000000e9420c40,0x00000000e9500000)
  to   space 9728K, 0% used [0x00000000e8200000,0x00000000e8200000,0x00000000e8b80000)
 ParOldGen       total 128000K, used 36908K [0x0000000084400000, 0x000000008c100000, 0x00000000d6c00000)
  object space 128000K, 28% used [0x0000000084400000,0x000000008680b018,0x000000008c100000)
 Metaspace       used 66307K, capacity 67686K, committed 68096K, reserved 1110016K
  class space    used 7681K, capacity 8078K, committed 8192K, reserved 1048576K
Event: 42.878 GC heap after
Heap after GC invocations=26 (full 3):
 PSYoungGen      total 294400K, used 8141K [0x00000000d6c00000, 0x00000000ed800000, 0x0000000100000000)
  eden space 284672K, 0% used [0x00000000d6c00000,0x00000000d6c00000,0x00000000e8200000)
  from space 9728K, 83% used [0x00000000e8200000,0x00000000e89f34b8,0x00000000e8b80000)
  to   space 10240K, 0% used [0x00000000ece00000,0x00000000ece00000,0x00000000ed800000)
 ParOldGen       total 128000K, used 40770K [0x0000000084400000, 0x000000008c100000, 0x00000000d6c00000)
  object space 128000K, 31% used [0x0000000084400000,0x0000000086bd0bb0,0x000000008c100000)
 Metaspace       used 66307K, capacity 67686K, committed 68096K, reserved 1110016K
  class space    used 7681K, capacity 8078K, committed 8192K, reserved 1048576K
}

