<?xml version="1.0" encoding="UTF-8"?>
<testsuite name="com.ibmMeeting.IbmMeetingApplicationTests" tests="1" skipped="0" failures="0" errors="0" timestamp="2017-11-18T03:04:52" hostname="T4201117" time="0.339">
  <properties/>
  <testcase name="contextLoads" classname="com.ibmMeeting.IbmMeetingApplicationTests" time="0.339"/>
  <system-out><![CDATA[20171118 12:04:39.929 [Test worker] INFO o.s.b.t.c.SpringBootTestContextBootstrapper - Neither @ContextConfiguration nor @ContextHierarchy found for test class [com.ibmMeeting.IbmMeetingApplicationTests], using SpringBootContextLoader 
20171118 12:04:39.938 [Test worker] INFO o.s.t.c.s.AbstractContextLoader - Could not detect default resource locations for test class [com.ibmMeeting.IbmMeetingApplicationTests]: no resource found for suffixes {-context.xml, Context.groovy}. 
20171118 12:04:39.940 [Test worker] INFO o.s.t.c.s.AnnotationConfigContextLoaderUtils - Could not detect default configuration classes for test class [com.ibmMeeting.IbmMeetingApplicationTests]: IbmMeetingApplicationTests does not declare any static, non-private, non-final, nested classes annotated with @Configuration. 
20171118 12:04:40.159 [Test worker] INFO o.s.b.t.c.SpringBootTestContextBootstrapper - Found @SpringBootConfiguration com.ibmMeeting.IbmMeetingApplication for test class com.ibmMeeting.IbmMeetingApplicationTests 
20171118 12:04:40.169 [Test worker] INFO o.s.b.t.c.SpringBootTestContextBootstrapper - Loaded default TestExecutionListener class names from location [META-INF/spring.factories]: [org.springframework.boot.test.mock.mockito.MockitoTestExecutionListener, org.springframework.boot.test.mock.mockito.ResetMocksTestExecutionListener, org.springframework.boot.test.autoconfigure.restdocs.RestDocsTestExecutionListener, org.springframework.boot.test.autoconfigure.web.client.MockRestServiceServerResetTestExecutionListener, org.springframework.boot.test.autoconfigure.web.servlet.MockMvcPrintOnlyOnFailureTestExecutionListener, org.springframework.boot.test.autoconfigure.web.servlet.WebDriverTestExecutionListener, org.springframework.test.context.web.ServletTestExecutionListener, org.springframework.test.context.support.DirtiesContextBeforeModesTestExecutionListener, org.springframework.test.context.support.DependencyInjectionTestExecutionListener, org.springframework.test.context.support.DirtiesContextTestExecutionListener, org.springframework.test.context.transaction.TransactionalTestExecutionListener, org.springframework.test.context.jdbc.SqlScriptsTestExecutionListener] 
20171118 12:04:40.211 [Test worker] INFO o.s.b.t.c.SpringBootTestContextBootstrapper - Using TestExecutionListeners: [org.springframework.test.context.web.ServletTestExecutionListener@5b5c0ad9, org.springframework.test.context.support.DirtiesContextBeforeModesTestExecutionListener@497dd467, org.springframework.boot.test.autoconfigure.SpringBootDependencyInjectionTestExecutionListener@777c437b, org.springframework.test.context.support.DirtiesContextTestExecutionListener@6f596b4d, org.springframework.test.context.transaction.TransactionalTestExecutionListener@5468aebd, org.springframework.test.context.jdbc.SqlScriptsTestExecutionListener@731196bb, org.springframework.boot.test.autoconfigure.restdocs.RestDocsTestExecutionListener@66637439, org.springframework.boot.test.autoconfigure.web.servlet.WebDriverTestExecutionListener@42c468bb, org.springframework.boot.test.mock.mockito.MockitoTestExecutionListener@53c83b18, org.springframework.boot.test.mock.mockito.ResetMocksTestExecutionListener@2c13db94, org.springframework.boot.test.autoconfigure.web.servlet.MockMvcPrintOnlyOnFailureTestExecutionListener@512ca093, org.springframework.boot.test.autoconfigure.web.client.MockRestServiceServerResetTestExecutionListener@30cc8bbd] 
20171118 12:04:40.894 [Test worker] DEBUG o.s.b.l.ClasspathLoggingApplicationListener - Application started with classpath: [file:/C:/Users/IBM_ADMIN/.gradle/caches/3.5.1/workerMain/gradle-worker.jar, file:/C:/devBluemixSecond/bluemixProject/build/classes/test/, file:/C:/devBluemixSecond/bluemixProject/build/resources/test, file:/C:/devBluemixSecond/bluemixProject/build/classes/main/, file:/C:/devBluemixSecond/bluemixProject/build/resources/main/, file:/C:/Users/IBM_ADMIN/.gradle/caches/modules-2/files-2.1/org.springframework.boot/spring-boot-starter-web/1.5.7.RELEASE/a862305be8b7512a41f6768d825ed37251ccbbe0/spring-boot-starter-web-1.5.7.RELEASE.jar, file:/C:/Users/IBM_ADMIN/.gradle/caches/modules-2/files-2.1/org.apache.tomcat.embed/tomcat-embed-jasper/8.5.20/79aa189dbecc919aa9d8d22690c968d9058761b6/tomcat-embed-jasper-8.5.20.jar, file:/C:/Users/IBM_ADMIN/.gradle/caches/modules-2/files-2.1/javax.servlet/jstl/1.2/74aca283cd4f4b4f3e425f5820cda58f44409547/jstl-1.2.jar, file:/C:/Users/IBM_ADMIN/.gradle/caches/modules-2/files-2.1/org.yaml/snakeyaml/1.17/7a27ea250c5130b2922b86dea63cbb1cc10a660c/snakeyaml-1.17.jar, file:/C:/Users/IBM_ADMIN/.gradle/caches/modules-2/files-2.1/org.springframework.boot/spring-boot-starter-jdbc/1.5.7.RELEASE/98c652a5461ccbec70b55fd0f7815d9c9a37a082/spring-boot-starter-jdbc-1.5.7.RELEASE.jar, file:/C:/Users/IBM_ADMIN/.gradle/caches/modules-2/files-2.1/org.mybatis.spring.boot/mybatis-spring-boot-starter/1.1.1/d0f14dd5e6cee6adc3d2bfee4c0a879dced80552/mybatis-spring-boot-starter-1.1.1.jar, file:/C:/Users/IBM_ADMIN/.gradle/caches/modules-2/files-2.1/mysql/mysql-connector-java/5.1.34/46deba4adbdb4967367b013cbc67b7f7373da60a/mysql-connector-java-5.1.34.jar, file:/C:/Users/IBM_ADMIN/.gradle/caches/modules-2/files-2.1/org.springframework.boot/spring-boot-starter-mail/1.5.7.RELEASE/469b7af6bb6058d63d059b9549b5dff1e91a6b0/spring-boot-starter-mail-1.5.7.RELEASE.jar, file:/C:/Users/IBM_ADMIN/.gradle/caches/modules-2/files-2.1/org.json/json/20160810/aca5eb39e2a12fddd6c472b240afe9ebea3a6733/json-20160810.jar, file:/C:/Users/IBM_ADMIN/.gradle/caches/modules-2/files-2.1/org.apache.poi/poi-ooxml/3.16/76e20fe22404cc4da55ddfdaaaadee32bbfa3bdd/poi-ooxml-3.16.jar, file:/C:/Users/IBM_ADMIN/.gradle/caches/modules-2/files-2.1/org.apache.poi/poi/3.16/ad21c123ee5d6b5b2a8f0d4ed23b3ffe6759a889/poi-3.16.jar, file:/C:/Users/IBM_ADMIN/.gradle/caches/modules-2/files-2.1/org.springframework.security/spring-security-taglibs/4.2.3.RELEASE/2773f1fe0f3b4cb52251b49975eab789f92c50a9/spring-security-taglibs-4.2.3.RELEASE.jar, file:/C:/Users/IBM_ADMIN/.gradle/caches/modules-2/files-2.1/org.springframework.boot/spring-boot-starter-test/1.5.7.RELEASE/d23f37a72c2d4e46aba66bc69a649213f9cadeee/spring-boot-starter-test-1.5.7.RELEASE.jar, file:/C:/Users/IBM_ADMIN/.gradle/caches/modules-2/files-2.1/org.springframework.boot/spring-boot-starter/1.5.7.RELEASE/b42fe6962dd8b3be4ac8c1d7134d0ca2d0a35c7e/spring-boot-starter-1.5.7.RELEASE.jar, file:/C:/Users/IBM_ADMIN/.gradle/caches/modules-2/files-2.1/org.springframework.boot/spring-boot-starter-tomcat/1.5.7.RELEASE/eae533e2a0111a51d812912acb3d3e2368736d1b/spring-boot-starter-tomcat-1.5.7.RELEASE.jar, file:/C:/Users/IBM_ADMIN/.gradle/caches/modules-2/files-2.1/org.hibernate/hibernate-validator/5.3.5.Final/622a9bcef2eed6d41b5b8e0662c36212009e375/hibernate-validator-5.3.5.Final.jar, file:/C:/Users/IBM_ADMIN/.gradle/caches/modules-2/files-2.1/com.fasterxml.jackson.core/jackson-databind/2.8.10/f7b83cb2bc4b88d53961e749e1ad32f49ef017b7/jackson-databind-2.8.10.jar, file:/C:/Users/IBM_ADMIN/.gradle/caches/modules-2/files-2.1/org.springframework/spring-web/4.3.11.RELEASE/50a3dfce550bdf9459dfb2c6282aa104b040258e/spring-web-4.3.11.RELEASE.jar, file:/C:/Users/IBM_ADMIN/.gradle/caches/modules-2/files-2.1/org.springframework/spring-webmvc/4.3.11.RELEASE/814f91ec4dc324e724bbe7cbc5045b234604c539/spring-webmvc-4.3.11.RELEASE.jar, file:/C:/Users/IBM_ADMIN/.gradle/caches/modules-2/files-2.1/org.apache.tomcat.embed/tomcat-embed-core/8.5.20/b9026ee20f1f6a2b0fc3e51dd806d800901448b0/tomcat-embed-core-8.5.20.jar, file:/C:/Users/IBM_ADMIN/.gradle/caches/modules-2/files-2.1/org.apache.tomcat.embed/tomcat-embed-el/8.5.20/42960f481a8a80f4ffd3b865c2232820e3565bf1/tomcat-embed-el-8.5.20.jar, file:/C:/Users/IBM_ADMIN/.gradle/caches/modules-2/files-2.1/org.eclipse.jdt/ecj/3.12.3/ade950992eb3caf6ab4f1a88706c755f0bf213d9/ecj-3.12.3.jar, file:/C:/Users/IBM_ADMIN/.gradle/caches/modules-2/files-2.1/org.apache.tomcat/tomcat-jdbc/8.5.20/10d0d288d837ddfc92096920e4571054a3934160/tomcat-jdbc-8.5.20.jar, file:/C:/Users/IBM_ADMIN/.gradle/caches/modules-2/files-2.1/org.springframework/spring-jdbc/4.3.11.RELEASE/642ed7497d327f299caccb930af6b65e229864c4/spring-jdbc-4.3.11.RELEASE.jar, file:/C:/Users/IBM_ADMIN/.gradle/caches/modules-2/files-2.1/org.mybatis.spring.boot/mybatis-spring-boot-autoconfigure/1.1.1/c7b01dca4aa80ec04c5dacf0348bb8c6ef40e9ce/mybatis-spring-boot-autoconfigure-1.1.1.jar, file:/C:/Users/IBM_ADMIN/.gradle/caches/modules-2/files-2.1/org.springframework/spring-context/4.3.11.RELEASE/3efec2d7c7469d49108a2b21c3f15831f7297569/spring-context-4.3.11.RELEASE.jar, file:/C:/Users/IBM_ADMIN/.gradle/caches/modules-2/files-2.1/org.springframework/spring-context-support/4.3.11.RELEASE/a74bdcbce2b35804cdfdac1ca820820100b5fd9b/spring-context-support-4.3.11.RELEASE.jar, file:/C:/Users/IBM_ADMIN/.gradle/caches/modules-2/files-2.1/com.sun.mail/javax.mail/1.5.6/ab5daef2f881c42c8e280cbe918ec4d7fdfd7efe/javax.mail-1.5.6.jar, file:/C:/Users/IBM_ADMIN/.gradle/caches/modules-2/files-2.1/org.apache.poi/poi-ooxml-schemas/3.16/9828a49307fc6bebfd42185b677d88b6e4994c63/poi-ooxml-schemas-3.16.jar, file:/C:/Users/IBM_ADMIN/.gradle/caches/modules-2/files-2.1/com.github.virtuald/curvesapi/1.04/3386abf821719bc89c7685f9eaafaf4a842f0199/curvesapi-1.04.jar, file:/C:/Users/IBM_ADMIN/.gradle/caches/modules-2/files-2.1/commons-codec/commons-codec/1.10/4b95f4897fa13f2cd904aee711aeafc0c5295cd8/commons-codec-1.10.jar, file:/C:/Users/IBM_ADMIN/.gradle/caches/modules-2/files-2.1/org.apache.commons/commons-collections4/4.1/a4cf4688fe1c7e3a63aa636cc96d013af537768e/commons-collections4-4.1.jar, file:/C:/Users/IBM_ADMIN/.gradle/caches/modules-2/files-2.1/org.springframework.security/spring-security-acl/4.2.3.RELEASE/6f163c19a0de8201ceed6f55eb8f34843e510795/spring-security-acl-4.2.3.RELEASE.jar, file:/C:/Users/IBM_ADMIN/.gradle/caches/modules-2/files-2.1/org.springframework.security/spring-security-core/4.2.3.RELEASE/5c0e47a47036c94d6fdd02696bf52be6d1adbd4d/spring-security-core-4.2.3.RELEASE.jar, file:/C:/Users/IBM_ADMIN/.gradle/caches/modules-2/files-2.1/org.springframework.security/spring-security-web/4.2.3.RELEASE/7a03e737484ca232d7146852f06d067ac21427ac/spring-security-web-4.2.3.RELEASE.jar, file:/C:/Users/IBM_ADMIN/.gradle/caches/modules-2/files-2.1/org.springframework/spring-aop/4.3.11.RELEASE/461d0bb58f1de30203d9331adf4b51de9554de5a/spring-aop-4.3.11.RELEASE.jar, file:/C:/Users/IBM_ADMIN/.gradle/caches/modules-2/files-2.1/org.springframework/spring-beans/4.3.11.RELEASE/591cc35fd39292adae13f01aa13e978d0bb11936/spring-beans-4.3.11.RELEASE.jar, file:/C:/Users/IBM_ADMIN/.gradle/caches/modules-2/files-2.1/org.springframework/spring-core/4.3.11.RELEASE/eb30ed093f628279d3aead068fd478fa343f1dad/spring-core-4.3.11.RELEASE.jar, file:/C:/Users/IBM_ADMIN/.gradle/caches/modules-2/files-2.1/org.springframework/spring-expression/4.3.11.RELEASE/fca662a2fccdad90ec22b2aaecb021047dcbe249/spring-expression-4.3.11.RELEASE.jar, file:/C:/Users/IBM_ADMIN/.gradle/caches/modules-2/files-2.1/org.springframework.boot/spring-boot-test/1.5.7.RELEASE/b8d77445d48f4320f404d8f13f4e5cb95bc36b30/spring-boot-test-1.5.7.RELEASE.jar, file:/C:/Users/IBM_ADMIN/.gradle/caches/modules-2/files-2.1/org.springframework.boot/spring-boot-test-autoconfigure/1.5.7.RELEASE/8bead16b97c9f1b5fe7c47f3e030dd9351a6974d/spring-boot-test-autoconfigure-1.5.7.RELEASE.jar, file:/C:/Users/IBM_ADMIN/.gradle/caches/modules-2/files-2.1/com.jayway.jsonpath/json-path/2.2.0/22290d17944bd239fabf5ac69005a60a7ecbbbcb/json-path-2.2.0.jar, file:/C:/Users/IBM_ADMIN/.gradle/caches/modules-2/files-2.1/junit/junit/4.12/2973d150c0dc1fefe998f834810d68f278ea58ec/junit-4.12.jar, file:/C:/Users/IBM_ADMIN/.gradle/caches/modules-2/files-2.1/org.assertj/assertj-core/2.6.0/b532c3fc4f66bcfee4989a3514f1cd56203a33ad/assertj-core-2.6.0.jar, file:/C:/Users/IBM_ADMIN/.gradle/caches/modules-2/files-2.1/org.mockito/mockito-core/1.10.19/e8546f5bef4e061d8dd73895b4e8f40e3fe6effe/mockito-core-1.10.19.jar, file:/C:/Users/IBM_ADMIN/.gradle/caches/modules-2/files-2.1/org.hamcrest/hamcrest-core/1.3/42a25dc3219429f0e5d060061f71acb49bf010a0/hamcrest-core-1.3.jar, file:/C:/Users/IBM_ADMIN/.gradle/caches/modules-2/files-2.1/org.hamcrest/hamcrest-library/1.3/4785a3c21320980282f9f33d0d1264a69040538f/hamcrest-library-1.3.jar, file:/C:/Users/IBM_ADMIN/.gradle/caches/modules-2/files-2.1/org.skyscreamer/jsonassert/1.4.0/9cdbb373a06f6513e51e8c545ee6a5e981463edb/jsonassert-1.4.0.jar, file:/C:/Users/IBM_ADMIN/.gradle/caches/modules-2/files-2.1/org.springframework/spring-test/4.3.11.RELEASE/cf765b5d6d6bdc38c67522ecae3fe9549da43e1/spring-test-4.3.11.RELEASE.jar, file:/C:/Users/IBM_ADMIN/.gradle/caches/modules-2/files-2.1/org.springframework.boot/spring-boot/1.5.7.RELEASE/1006870df7b3dc203df7ce84463c5dd7049fdaa4/spring-boot-1.5.7.RELEASE.jar, file:/C:/Users/IBM_ADMIN/.gradle/caches/modules-2/files-2.1/org.springframework.boot/spring-boot-autoconfigure/1.5.7.RELEASE/e83f1407ff991e9e7eb156f49fa19d868bb73289/spring-boot-autoconfigure-1.5.7.RELEASE.jar, file:/C:/Users/IBM_ADMIN/.gradle/caches/modules-2/files-2.1/org.springframework.boot/spring-boot-starter-logging/1.5.7.RELEASE/c84c4ea09d7f789a0d5e936a961471e5dbd9295e/spring-boot-starter-logging-1.5.7.RELEASE.jar, file:/C:/Users/IBM_ADMIN/.gradle/caches/modules-2/files-2.1/org.apache.tomcat.embed/tomcat-embed-websocket/8.5.20/4df9055507926a2651f691cc9964c50493a0ab29/tomcat-embed-websocket-8.5.20.jar, file:/C:/Users/IBM_ADMIN/.gradle/caches/modules-2/files-2.1/javax.validation/validation-api/1.1.0.Final/8613ae82954779d518631e05daa73a6a954817d5/validation-api-1.1.0.Final.jar, file:/C:/Users/IBM_ADMIN/.gradle/caches/modules-2/files-2.1/org.jboss.logging/jboss-logging/3.3.1.Final/c46217ab74b532568c0ed31dc599db3048bd1b67/jboss-logging-3.3.1.Final.jar, file:/C:/Users/IBM_ADMIN/.gradle/caches/modules-2/files-2.1/com.fasterxml/classmate/1.3.4/3d5f48f10bbe4eb7bd862f10c0583be2e0053c6/classmate-1.3.4.jar, file:/C:/Users/IBM_ADMIN/.gradle/caches/modules-2/files-2.1/com.fasterxml.jackson.core/jackson-annotations/2.8.0/45b426f7796b741035581a176744d91090e2e6fb/jackson-annotations-2.8.0.jar, file:/C:/Users/IBM_ADMIN/.gradle/caches/modules-2/files-2.1/com.fasterxml.jackson.core/jackson-core/2.8.10/eb21a035c66ad307e66ec8fce37f5d50fd62d039/jackson-core-2.8.10.jar, file:/C:/Users/IBM_ADMIN/.gradle/caches/modules-2/files-2.1/org.apache.tomcat/tomcat-juli/8.5.20/6c0579d329696059f377585d2a51455bf083d9ee/tomcat-juli-8.5.20.jar, file:/C:/Users/IBM_ADMIN/.gradle/caches/modules-2/files-2.1/org.springframework/spring-tx/4.3.11.RELEASE/c931ee363d2269f03edfeb83d7d7fe23924ab8a1/spring-tx-4.3.11.RELEASE.jar, file:/C:/Users/IBM_ADMIN/.gradle/caches/modules-2/files-2.1/org.mybatis/mybatis/3.4.0/1b37a54d8ab403e56cb3ed717c25193474efa226/mybatis-3.4.0.jar, file:/C:/Users/IBM_ADMIN/.gradle/caches/modules-2/files-2.1/org.mybatis/mybatis-spring/1.3.0/d1dbdc46cac543447ffd5aeda59f1a9bb34f0912/mybatis-spring-1.3.0.jar, file:/C:/Users/IBM_ADMIN/.gradle/caches/modules-2/files-2.1/javax.activation/activation/1.1/e6cb541461c2834bdea3eb920f1884d1eb508b50/activation-1.1.jar, file:/C:/Users/IBM_ADMIN/.gradle/caches/modules-2/files-2.1/org.apache.xmlbeans/xmlbeans/2.6.0/29e80d2dd51f9dcdef8f9ffaee0d4dc1c9bbfc87/xmlbeans-2.6.0.jar, file:/C:/Users/IBM_ADMIN/.gradle/caches/modules-2/files-2.1/aopalliance/aopalliance/1.0/235ba8b489512805ac13a8f9ea77a1ca5ebe3e8/aopalliance-1.0.jar, file:/C:/Users/IBM_ADMIN/.gradle/caches/modules-2/files-2.1/net.minidev/json-smart/2.2.1/5b9e5df7a62d1279b70dc882b041d249c4f0b002/json-smart-2.2.1.jar, file:/C:/Users/IBM_ADMIN/.gradle/caches/modules-2/files-2.1/org.slf4j/slf4j-api/1.7.25/da76ca59f6a57ee3102f8f9bd9cee742973efa8a/slf4j-api-1.7.25.jar, file:/C:/Users/IBM_ADMIN/.gradle/caches/modules-2/files-2.1/org.objenesis/objenesis/2.1/87c0ea803b69252868d09308b4618f766f135a96/objenesis-2.1.jar, file:/C:/Users/IBM_ADMIN/.gradle/caches/modules-2/files-2.1/com.vaadin.external.google/android-json/0.0.20131108.vaadin1/fa26d351fe62a6a17f5cda1287c1c6110dec413f/android-json-0.0.20131108.vaadin1.jar, file:/C:/Users/IBM_ADMIN/.gradle/caches/modules-2/files-2.1/ch.qos.logback/logback-classic/1.1.11/ccedfbacef4a6515d2983e3f89ed753d5d4fb665/logback-classic-1.1.11.jar, file:/C:/Users/IBM_ADMIN/.gradle/caches/modules-2/files-2.1/org.slf4j/jcl-over-slf4j/1.7.25/f8c32b13ff142a513eeb5b6330b1588dcb2c0461/jcl-over-slf4j-1.7.25.jar, file:/C:/Users/IBM_ADMIN/.gradle/caches/modules-2/files-2.1/org.slf4j/jul-to-slf4j/1.7.25/af5364cd6679bfffb114f0dec8a157aaa283b76/jul-to-slf4j-1.7.25.jar, file:/C:/Users/IBM_ADMIN/.gradle/caches/modules-2/files-2.1/org.slf4j/log4j-over-slf4j/1.7.25/a87bb47468f47ee7aabbd54f93e133d4215769c3/log4j-over-slf4j-1.7.25.jar, file:/C:/Users/IBM_ADMIN/.gradle/caches/modules-2/files-2.1/stax/stax-api/1.0.1/49c100caf72d658aca8e58bd74a4ba90fa2b0d70/stax-api-1.0.1.jar, file:/C:/Users/IBM_ADMIN/.gradle/caches/modules-2/files-2.1/net.minidev/accessors-smart/1.1/a527213f2fea112a04c9bdf0ec0264e34104cd08/accessors-smart-1.1.jar, file:/C:/Users/IBM_ADMIN/.gradle/caches/modules-2/files-2.1/ch.qos.logback/logback-core/1.1.11/88b8df40340eed549fb07e2613879bf6b006704d/logback-core-1.1.11.jar, file:/C:/Users/IBM_ADMIN/.gradle/caches/modules-2/files-2.1/org.ow2.asm/asm/5.0.3/dcc2193db20e19e1feca8b1240dbbc4e190824fa/asm-5.0.3.jar] 

  .   ____          _            __ _ _
 /\\ / ___'_ __ _ _(_)_ __  __ _ \ \ \ \
( ( )\___ | '_ | '_| | '_ \/ _` | \ \ \ \
 \\/  ___)| |_)| | | | | || (_| |  ) ) ) )
  '  |____| .__|_| |_|_| |_\__, | / / / /
 =========|_|==============|___/=/_/_/_/
 :: Spring Boot ::        (v1.5.7.RELEASE)

20171118 12:04:40.990 [Test worker] WARN o.s.b.t.j.DuplicateJsonObjectContextCustomizerFactory$DuplicateJsonObjectContextCustomizer - 

Found multiple occurrences of org.json.JSONObject on the class path:

	jar:file:/C:/Users/IBM_ADMIN/.gradle/caches/modules-2/files-2.1/org.json/json/20160810/aca5eb39e2a12fddd6c472b240afe9ebea3a6733/json-20160810.jar!/org/json/JSONObject.class
	jar:file:/C:/Users/IBM_ADMIN/.gradle/caches/modules-2/files-2.1/com.vaadin.external.google/android-json/0.0.20131108.vaadin1/fa26d351fe62a6a17f5cda1287c1c6110dec413f/android-json-0.0.20131108.vaadin1.jar!/org/json/JSONObject.class

You may wish to exclude one of them to ensure predictable runtime behaviour
 
20171118 12:04:41.014 [Test worker] INFO c.i.IbmMeetingApplicationTests - Starting IbmMeetingApplicationTests on T4201117 with PID 9584 (started by admin in C:\devBluemixSecond\bluemixProject) 
20171118 12:04:41.015 [Test worker] INFO c.i.IbmMeetingApplicationTests - No active profile set, falling back to default profiles: default 
20171118 12:04:41.015 [Test worker] DEBUG o.s.b.SpringApplication - Loading source class com.ibmMeeting.IbmMeetingApplication 
20171118 12:04:41.093 [Test worker] DEBUG o.s.b.c.c.ConfigFileApplicationListener - Loaded config file 'file:/C:/devBluemixSecond/bluemixProject/build/resources/main/application.properties' (classpath:/application.properties) 
20171118 12:04:41.093 [Test worker] DEBUG o.s.b.c.c.ConfigFileApplicationListener - Skipped (empty) config file 'file:/C:/devBluemixSecond/bluemixProject/build/resources/main/application.properties' (classpath:/application.properties) for profile default 
20171118 12:04:41.097 [Test worker] INFO o.s.w.c.s.GenericWebApplicationContext - Refreshing org.springframework.web.context.support.GenericWebApplicationContext@f007036: startup date [Sat Nov 18 12:04:41 KST 2017]; root of context hierarchy 
20171118 12:04:45.820 [background-preinit] INFO o.h.v.i.u.Version - HV000001: Hibernate Validator 5.3.5.Final 
20171118 12:04:46.275 [Test worker] INFO o.s.b.f.s.DefaultListableBeanFactory - Overriding bean definition for bean 'faviconHandlerMapping' with a different definition: replacing [Root bean: class [null]; scope=; abstract=false; lazyInit=false; autowireMode=3; dependencyCheck=0; autowireCandidate=true; primary=false; factoryBeanName=ibmMeetingApplication; factoryMethodName=faviconHandlerMapping; initMethodName=null; destroyMethodName=(inferred); defined in com.ibmMeeting.IbmMeetingApplication] with [Root bean: class [null]; scope=; abstract=false; lazyInit=false; autowireMode=3; dependencyCheck=0; autowireCandidate=true; primary=false; factoryBeanName=org.springframework.boot.autoconfigure.web.WebMvcAutoConfiguration$WebMvcAutoConfigurationAdapter$FaviconConfiguration; factoryMethodName=faviconHandlerMapping; initMethodName=null; destroyMethodName=(inferred); defined in class path resource [org/springframework/boot/autoconfigure/web/WebMvcAutoConfiguration$WebMvcAutoConfigurationAdapter$FaviconConfiguration.class]] 
20171118 12:04:46.321 [Test worker] INFO o.s.b.f.s.DefaultListableBeanFactory - Overriding bean definition for bean 'faviconRequestHandler' with a different definition: replacing [Root bean: class [null]; scope=; abstract=false; lazyInit=false; autowireMode=3; dependencyCheck=0; autowireCandidate=true; primary=false; factoryBeanName=ibmMeetingApplication; factoryMethodName=faviconRequestHandler; initMethodName=null; destroyMethodName=(inferred); defined in com.ibmMeeting.IbmMeetingApplication] with [Root bean: class [null]; scope=; abstract=false; lazyInit=false; autowireMode=3; dependencyCheck=0; autowireCandidate=true; primary=false; factoryBeanName=org.springframework.boot.autoconfigure.web.WebMvcAutoConfiguration$WebMvcAutoConfigurationAdapter$FaviconConfiguration; factoryMethodName=faviconRequestHandler; initMethodName=null; destroyMethodName=(inferred); defined in class path resource [org/springframework/boot/autoconfigure/web/WebMvcAutoConfiguration$WebMvcAutoConfigurationAdapter$FaviconConfiguration.class]] 
20171118 12:04:46.404 [Test worker] DEBUG o.s.b.a.AutoConfigurationPackages - @EnableAutoConfiguration was declared on a class in the package 'com.ibmMeeting'. Automatic @Repository and @Entity scanning is enabled. 
20171118 12:04:50.093 [Test worker] INFO o.s.w.s.h.SimpleUrlHandlerMapping - Mapped URL path [/**/favicon.ico] onto handler of type [class org.springframework.web.servlet.resource.ResourceHttpRequestHandler] 
20171118 12:04:51.236 [Test worker] INFO o.s.w.s.m.m.a.RequestMappingHandlerAdapter - Looking for @ControllerAdvice: org.springframework.web.context.support.GenericWebApplicationContext@f007036: startup date [Sat Nov 18 12:04:41 KST 2017]; root of context hierarchy 
20171118 12:04:51.437 [Test worker] INFO o.s.w.s.m.m.a.RequestMappingHandlerMapping - Mapped "{[/AdminBoarding/Offboarding]}" onto public org.springframework.web.servlet.ModelAndView com.ibmMeeting.Controller.AdminBoardingController.offBoarding(javax.servlet.http.HttpServletRequest,javax.servlet.http.HttpSession,javax.servlet.http.HttpServletResponse) throws java.io.UnsupportedEncodingException 
20171118 12:04:51.439 [Test worker] INFO o.s.w.s.m.m.a.RequestMappingHandlerMapping - Mapped "{[/AdminBoarding/Onboarding]}" onto public java.lang.String com.ibmMeeting.Controller.AdminBoardingController.Boarding(javax.servlet.http.HttpServletRequest,javax.servlet.http.HttpSession,javax.servlet.http.HttpServletResponse,int,org.springframework.ui.ModelMap) throws java.io.UnsupportedEncodingException 
20171118 12:04:51.440 [Test worker] INFO o.s.w.s.m.m.a.RequestMappingHandlerMapping - Mapped "{[/AdminBoarding/MemberBan]}" onto public java.lang.Integer com.ibmMeeting.Controller.AdminBoardingController.memberBan(javax.servlet.http.HttpServletRequest,javax.servlet.http.HttpServletResponse) throws java.io.UnsupportedEncodingException 
20171118 12:04:51.441 [Test worker] INFO o.s.w.s.m.m.a.RequestMappingHandlerMapping - Mapped "{[/AdminBoarding/OnBoardingUpdate]}" onto public java.lang.Integer com.ibmMeeting.Controller.AdminBoardingController.memberUpdate(javax.servlet.http.HttpServletRequest,javax.servlet.http.HttpServletResponse) throws java.io.UnsupportedEncodingException 
20171118 12:04:51.441 [Test worker] INFO o.s.w.s.m.m.a.RequestMappingHandlerMapping - Mapped "{[/AdminBoarding/OffSearching]}" onto public org.springframework.web.servlet.ModelAndView com.ibmMeeting.Controller.AdminBoardingController.offSearchPage(javax.servlet.http.HttpServletRequest) 
20171118 12:04:51.442 [Test worker] INFO o.s.w.s.m.m.a.RequestMappingHandlerMapping - Mapped "{[/AdminBoarding/OnSearching]}" onto public org.springframework.web.servlet.ModelAndView com.ibmMeeting.Controller.AdminBoardingController.onSearchPage(javax.servlet.http.HttpServletRequest) 
20171118 12:04:51.442 [Test worker] INFO o.s.w.s.m.m.a.RequestMappingHandlerMapping - Mapped "{[/AdminBoarding/MemberBanCheck]}" onto public java.lang.String com.ibmMeeting.Controller.AdminBoardingController.memberBanCheck(javax.servlet.http.HttpServletRequest) 
20171118 12:04:51.445 [Test worker] INFO o.s.w.s.m.m.a.RequestMappingHandlerMapping - Mapped "{[/AdminBoarding/Filtering]}" onto public org.springframework.web.servlet.ModelAndView com.ibmMeeting.Controller.AdminHistoryController.filteringPage(javax.servlet.http.HttpServletRequest) 
20171118 12:04:51.445 [Test worker] INFO o.s.w.s.m.m.a.RequestMappingHandlerMapping - Mapped "{[/AdminBoarding/LookInside]}" onto public java.util.ArrayList<java.util.HashMap<java.lang.String, java.lang.Object>> com.ibmMeeting.Controller.AdminHistoryController.lookInside(javax.servlet.http.HttpServletRequest) 
20171118 12:04:51.445 [Test worker] INFO o.s.w.s.m.m.a.RequestMappingHandlerMapping - Mapped "{[/AdminBoarding/ReservationHistory]}" onto public org.springframework.web.servlet.ModelAndView com.ibmMeeting.Controller.AdminHistoryController.reservationHistory(javax.servlet.http.HttpServletRequest,javax.servlet.http.HttpSession) 
20171118 12:04:51.446 [Test worker] INFO o.s.w.s.m.m.a.RequestMappingHandlerMapping - Mapped "{[/AdminBoarding/ReservationUpdate]}" onto public java.lang.Integer com.ibmMeeting.Controller.AdminHistoryController.reservationUpdate(javax.servlet.http.HttpServletRequest,javax.servlet.http.HttpServletResponse) throws java.io.UnsupportedEncodingException,javax.mail.MessagingException,java.text.ParseException 
20171118 12:04:51.446 [Test worker] INFO o.s.w.s.m.m.a.RequestMappingHandlerMapping - Mapped "{[/AdminBoarding/ReservationDelete]}" onto public java.lang.Integer com.ibmMeeting.Controller.AdminHistoryController.reservationDelete(javax.servlet.http.HttpServletRequest,javax.servlet.http.HttpServletResponse) throws java.io.UnsupportedEncodingException,javax.mail.MessagingException,java.text.ParseException 
20171118 12:04:51.448 [Test worker] INFO o.s.w.s.m.m.a.RequestMappingHandlerMapping - Mapped "{[/AdminLogin/LoginPage]}" onto public java.lang.String com.ibmMeeting.Controller.AdminLoginController.adminLogin(javax.servlet.http.HttpServletRequest,javax.servlet.http.HttpSession) 
20171118 12:04:51.450 [Test worker] INFO o.s.w.s.m.m.a.RequestMappingHandlerMapping - Mapped "{[/AdminLogin/LoginCheck]}" onto public java.lang.Integer com.ibmMeeting.Controller.AdminLoginController.loginCheck(javax.servlet.http.HttpServletRequest,javax.servlet.http.HttpSession) 
20171118 12:04:51.462 [Test worker] INFO o.s.w.s.m.m.a.RequestMappingHandlerMapping - Mapped "{[/AdminManagement/NoShowSubmit]}" onto public java.lang.Integer com.ibmMeeting.Controller.AdminManagementController.noShowSubmit(javax.servlet.http.HttpServletRequest) throws javax.mail.MessagingException,java.text.ParseException 
20171118 12:04:51.462 [Test worker] INFO o.s.w.s.m.m.a.RequestMappingHandlerMapping - Mapped "{[/AdminManagement/NoShowManagement]}" onto public org.springframework.web.servlet.ModelAndView com.ibmMeeting.Controller.AdminManagementController.noShowManagement(javax.servlet.http.HttpServletRequest) 
20171118 12:04:51.463 [Test worker] INFO o.s.w.s.m.m.a.RequestMappingHandlerMapping - Mapped "{[/AdminManagement/NoShowAllManage]}" onto public org.springframework.web.servlet.ModelAndView com.ibmMeeting.Controller.AdminManagementController.noShowAllManage(javax.servlet.http.HttpServletRequest) 
20171118 12:04:51.464 [Test worker] INFO o.s.w.s.m.m.a.RequestMappingHandlerMapping - Mapped "{[/AdminManagement/Setting]}" onto public org.springframework.web.servlet.ModelAndView com.ibmMeeting.Controller.AdminManagementController.setting(javax.servlet.http.HttpServletRequest,javax.servlet.http.HttpSession) 
20171118 12:04:51.465 [Test worker] INFO o.s.w.s.m.m.a.RequestMappingHandlerMapping - Mapped "{[/AdminManagement/SettingLoad]}" onto public java.util.HashMap<java.lang.String, java.lang.Object> com.ibmMeeting.Controller.AdminManagementController.settingLoad() 
20171118 12:04:51.466 [Test worker] INFO o.s.w.s.m.m.a.RequestMappingHandlerMapping - Mapped "{[/AdminManagement/SettingSubmit]}" onto public java.lang.Integer com.ibmMeeting.Controller.AdminManagementController.settingSubmit(javax.servlet.http.HttpServletRequest) 
20171118 12:04:51.466 [Test worker] INFO o.s.w.s.m.m.a.RequestMappingHandlerMapping - Mapped "{[/AdminManagement/PasswordChange]}" onto public java.lang.Integer com.ibmMeeting.Controller.AdminManagementController.passwordChange(javax.servlet.http.HttpServletRequest,javax.servlet.http.HttpSession) 
20171118 12:04:51.467 [Test worker] INFO o.s.w.s.m.m.a.RequestMappingHandlerMapping - Mapped "{[/AdminManagement/EmailChange]}" onto public java.lang.Integer com.ibmMeeting.Controller.AdminManagementController.emailChange(javax.servlet.http.HttpServletRequest,javax.servlet.http.HttpSession) 
20171118 12:04:51.467 [Test worker] INFO o.s.w.s.m.m.a.RequestMappingHandlerMapping - Mapped "{[/AdminManagement/noShowReservationDateChange]}" onto public java.util.ArrayList<java.util.HashMap<java.lang.String, java.lang.Object>> com.ibmMeeting.Controller.AdminManagementController.noShowReservationDateChange(javax.servlet.http.HttpServletRequest) 
20171118 12:04:51.467 [Test worker] INFO o.s.w.s.m.m.a.RequestMappingHandlerMapping - Mapped "{[/AdminManagement/noShowReservationCancel]}" onto public java.lang.Integer com.ibmMeeting.Controller.AdminManagementController.noShowReservationCancel(javax.servlet.http.HttpServletRequest) 
20171118 12:04:51.468 [Test worker] INFO o.s.w.s.m.m.a.RequestMappingHandlerMapping - Mapped "{[/AdminManagement/NoShowDetailPopUp]}" onto public java.util.ArrayList<java.util.HashMap<java.lang.String, java.lang.Object>> com.ibmMeeting.Controller.AdminManagementController.noShowDetailPopUp(javax.servlet.http.HttpServletRequest) 
20171118 12:04:51.468 [Test worker] INFO o.s.w.s.m.m.a.RequestMappingHandlerMapping - Mapped "{[/AdminManagement/NoShowValueSetting]}" onto public java.lang.Integer com.ibmMeeting.Controller.AdminManagementController.noShowValueSetting(javax.servlet.http.HttpServletRequest) 
20171118 12:04:51.471 [Test worker] INFO o.s.w.s.m.m.a.RequestMappingHandlerMapping - Mapped "{[/AdminReservCheckAndDelete/excelDownload]}" onto public org.springframework.web.servlet.ModelAndView com.ibmMeeting.Controller.AdminReservationHistoryListController.searchPage(javax.servlet.http.HttpServletRequest,javax.servlet.http.HttpServletResponse) throws javax.mail.MessagingException,java.text.ParseException 
20171118 12:04:51.472 [Test worker] INFO o.s.w.s.m.m.a.RequestMappingHandlerMapping - Mapped "{[/AdminReservCheckAndDelete/ShowRepeatDetail]}" onto public java.util.ArrayList<java.util.HashMap<java.lang.String, java.lang.Object>> com.ibmMeeting.Controller.AdminReservationHistoryListController.showRepeatDetail(javax.servlet.http.HttpServletRequest,org.springframework.ui.ModelMap) 
20171118 12:04:51.472 [Test worker] INFO o.s.w.s.m.m.a.RequestMappingHandlerMapping - Mapped "{[/AdminReservCheckAndDelete/ReservHistory]}" onto public java.lang.String com.ibmMeeting.Controller.AdminReservationHistoryListController.reservHistroyPage() 
20171118 12:04:51.472 [Test worker] INFO o.s.w.s.m.m.a.RequestMappingHandlerMapping - Mapped "{[/AdminReservCheckAndDelete/DeleteReservAndHistory]}" onto public java.lang.Integer com.ibmMeeting.Controller.AdminReservationHistoryListController.deleteReservHistory(javax.servlet.http.HttpServletRequest) 
20171118 12:04:51.473 [Test worker] INFO o.s.w.s.m.m.a.RequestMappingHandlerMapping - Mapped "{[/AdminReservCheckAndDelete/SearchGeneralHistory]}" onto public java.lang.String com.ibmMeeting.Controller.AdminReservationHistoryListController.searchGeneralHistory(javax.servlet.http.HttpServletRequest,int,java.lang.String,java.lang.String,java.lang.String,org.springframework.ui.ModelMap) 
20171118 12:04:51.473 [Test worker] INFO o.s.w.s.m.m.a.RequestMappingHandlerMapping - Mapped "{[/AdminReservCheckAndDelete/SearchRepeatHistory]}" onto public java.lang.String com.ibmMeeting.Controller.AdminReservationHistoryListController.searchRepeatHistory(javax.servlet.http.HttpServletRequest,int,java.lang.String,java.lang.String,java.lang.String,org.springframework.ui.ModelMap) 
20171118 12:04:51.473 [Test worker] INFO o.s.w.s.m.m.a.RequestMappingHandlerMapping - Mapped "{[/AdminReservCheckAndDelete/SearchNoshowHistory]}" onto public java.lang.String com.ibmMeeting.Controller.AdminReservationHistoryListController.searchNoshowHistory(javax.servlet.http.HttpServletRequest,int,java.lang.String,java.lang.String,java.lang.String,org.springframework.ui.ModelMap) 
20171118 12:04:51.473 [Test worker] INFO o.s.w.s.m.m.a.RequestMappingHandlerMapping - Mapped "{[/AdminReservCheckAndDelete/StoreResevHistToExcel]}" onto public org.springframework.web.servlet.ModelAndView com.ibmMeeting.Controller.AdminReservationHistoryListController.storeHistoryToExcel(javax.servlet.http.HttpServletRequest,javax.servlet.http.HttpServletResponse) 
20171118 12:04:51.476 [Test worker] INFO o.s.w.s.m.m.a.RequestMappingHandlerMapping - Mapped "{[/AdminSearch/AdminRepeatSearchPage]}" onto public java.lang.String com.ibmMeeting.Controller.AdminSearchController.adminRepeatSearchPage(javax.servlet.http.HttpServletRequest,int,java.lang.String,java.lang.String,java.lang.String,org.springframework.ui.ModelMap) 
20171118 12:04:51.476 [Test worker] INFO o.s.w.s.m.m.a.RequestMappingHandlerMapping - Mapped "{[/AdminSearch/AdminSearchAutoComplete]}" onto public void com.ibmMeeting.Controller.AdminSearchController.adminSearchAutocomplete(javax.servlet.http.HttpServletRequest,javax.servlet.http.HttpServletResponse) 
20171118 12:04:51.477 [Test worker] INFO o.s.w.s.m.m.a.RequestMappingHandlerMapping - Mapped "{[/AdminSearch/AdminEasySearch]}" onto public java.lang.String com.ibmMeeting.Controller.AdminSearchController.adminEasySearchPage(javax.servlet.http.HttpServletRequest,int,java.lang.String,java.lang.String,org.springframework.ui.ModelMap) 
20171118 12:04:51.477 [Test worker] INFO o.s.w.s.m.m.a.RequestMappingHandlerMapping - Mapped "{[/AdminSearch/ShowAdminRepeatDetail]}" onto public java.util.ArrayList<java.util.HashMap<java.lang.String, java.lang.Object>> com.ibmMeeting.Controller.AdminSearchController.showRepeatDetail(javax.servlet.http.HttpServletRequest,org.springframework.ui.ModelMap) 
20171118 12:04:51.477 [Test worker] INFO o.s.w.s.m.m.a.RequestMappingHandlerMapping - Mapped "{[/AdminSearch/AdminGeneralSearchPage]}" onto public java.lang.String com.ibmMeeting.Controller.AdminSearchController.adminSearchPage(javax.servlet.http.HttpServletRequest,int,java.lang.String,java.lang.String,java.lang.String,org.springframework.ui.ModelMap) 
20171118 12:04:51.477 [Test worker] INFO o.s.w.s.m.m.a.RequestMappingHandlerMapping - Mapped "{[/AdminSearch/AdminSearchPage]}" onto public java.lang.String com.ibmMeeting.Controller.AdminSearchController.AdminSearchPage(javax.servlet.http.HttpServletRequest) 
20171118 12:04:51.478 [Test worker] INFO o.s.w.s.m.m.a.RequestMappingHandlerMapping - Mapped "{[/Common/Logout]}" onto public java.lang.String com.ibmMeeting.Controller.CommonController.logout(javax.servlet.http.HttpSession) 
20171118 12:04:51.479 [Test worker] INFO o.s.w.s.m.m.a.RequestMappingHandlerMapping - Mapped "{[/Common/SessionCheck]}" onto public java.lang.String com.ibmMeeting.Controller.CommonController.sessionCheck(javax.servlet.http.HttpSession) 
20171118 12:04:51.479 [Test worker] INFO o.s.w.s.m.m.a.RequestMappingHandlerMapping - Mapped "{[/]}" onto public java.lang.String com.ibmMeeting.Controller.IndexController.IndexPage() 
20171118 12:04:51.483 [Test worker] INFO o.s.w.s.m.m.a.RequestMappingHandlerMapping - Mapped "{[/MeetingRoom/GetResources]}" onto public java.util.List<com.ibmMeeting.VO.Conference> com.ibmMeeting.Controller.MeetingRoomController.getResources() 
20171118 12:04:51.484 [Test worker] INFO o.s.w.s.m.m.a.RequestMappingHandlerMapping - Mapped "{[/MeetingRoom/MeetingRoomUpdate]}" onto public java.lang.Integer com.ibmMeeting.Controller.MeetingRoomController.meetingRoomUpdate(javax.servlet.http.HttpServletRequest) 
20171118 12:04:51.485 [Test worker] INFO o.s.w.s.m.m.a.RequestMappingHandlerMapping - Mapped "{[/MeetingRoom/MeetingRoomDelete]}" onto public java.lang.Integer com.ibmMeeting.Controller.MeetingRoomController.meetingRoomDelete(javax.servlet.http.HttpServletRequest) 
20171118 12:04:51.486 [Test worker] INFO o.s.w.s.m.m.a.RequestMappingHandlerMapping - Mapped "{[/MeetingRoom/RoomManagementList]}" onto public org.springframework.web.servlet.ModelAndView com.ibmMeeting.Controller.MeetingRoomController.roomManagement(javax.servlet.http.HttpServletRequest) 
20171118 12:04:51.486 [Test worker] INFO o.s.w.s.m.m.a.RequestMappingHandlerMapping - Mapped "{[/MeetingRoom/MeetingRoomAdd]}" onto public java.lang.Integer com.ibmMeeting.Controller.MeetingRoomController.meetingRoomAdd(javax.servlet.http.HttpServletRequest) 
20171118 12:04:51.488 [Test worker] INFO o.s.w.s.m.m.a.RequestMappingHandlerMapping - Mapped "{[/Member/GetMemInfoByPn]}" onto public void com.ibmMeeting.Controller.MemberController.getMemInfoByPn(java.lang.String,javax.servlet.http.HttpServletRequest,javax.servlet.http.HttpServletResponse) 
20171118 12:04:51.489 [Test worker] INFO o.s.w.s.m.m.a.RequestMappingHandlerMapping - Mapped "{[/Member/MemInfoByTooltip]}" onto public java.util.List<com.ibmMeeting.VO.Member> com.ibmMeeting.Controller.MemberController.memInfoByToolTip(java.lang.String) 
20171118 12:04:51.496 [Test worker] INFO o.s.w.s.m.m.a.RequestMappingHandlerMapping - Mapped "{[/RepeatReservation/RepeatReservationSubmit]}" onto public java.lang.String com.ibmMeeting.Controller.RepeatReservationController.repeatReservationSubmit(javax.servlet.http.HttpServletRequest) throws java.text.ParseException,javax.mail.MessagingException 
20171118 12:04:51.497 [Test worker] INFO o.s.w.s.m.m.a.RequestMappingHandlerMapping - Mapped "{[/RepeatReservation/AvailableCheck]}" onto public java.util.ArrayList<java.util.ArrayList<java.lang.String>> com.ibmMeeting.Controller.RepeatReservationController.availableCheck(javax.servlet.http.HttpServletRequest) throws java.text.ParseException 
20171118 12:04:51.498 [Test worker] INFO o.s.w.s.m.m.a.RequestMappingHandlerMapping - Mapped "{[/RepeatReservation/]}" onto public org.springframework.web.servlet.ModelAndView com.ibmMeeting.Controller.RepeatReservationController.repeatIndex() 
20171118 12:04:51.506 [Test worker] INFO o.s.w.s.m.m.a.RequestMappingHandlerMapping - Mapped "{[/Reservation/PreventMonopoly]}" onto public java.lang.String com.ibmMeeting.Controller.ReservationController.preventMonopoly(java.lang.String,java.lang.String,java.lang.String,java.lang.String,int) 
20171118 12:04:51.506 [Test worker] INFO o.s.w.s.m.m.a.RequestMappingHandlerMapping - Mapped "{[/Reservation/GetMaxTime]}" onto public java.lang.String com.ibmMeeting.Controller.ReservationController.getMaxTime() 
20171118 12:04:51.507 [Test worker] INFO o.s.w.s.m.m.a.RequestMappingHandlerMapping - Mapped "{[/Reservation/ControlStartTime]}" onto public java.util.List<com.ibmMeeting.VO.Reservation> com.ibmMeeting.Controller.ReservationController.controlStartTime(java.lang.String,int) 
20171118 12:04:51.507 [Test worker] INFO o.s.w.s.m.m.a.RequestMappingHandlerMapping - Mapped "{[/Reservation/ChkRsvedTime]}" onto public java.lang.String com.ibmMeeting.Controller.ReservationController.chkRsvedTime(int,java.lang.String,int,java.sql.Time,java.sql.Time) 
20171118 12:04:51.507 [Test worker] INFO o.s.w.s.m.m.a.RequestMappingHandlerMapping - Mapped "{[/Reservation/GetRsvMaxMonth]}" onto public java.lang.String com.ibmMeeting.Controller.ReservationController.getRsvMaxMonth() 
20171118 12:04:51.507 [Test worker] INFO o.s.w.s.m.m.a.RequestMappingHandlerMapping - Mapped "{[/Reservation/SearchToCalendar]}" onto public java.lang.String com.ibmMeeting.Controller.ReservationController.searchToCalendar(int,org.springframework.ui.ModelMap) 
20171118 12:04:51.508 [Test worker] INFO o.s.w.s.m.m.a.RequestMappingHandlerMapping - Mapped "{[/Reservation/GetRsvedMemPn]}" onto public java.lang.String com.ibmMeeting.Controller.ReservationController.getRsvedMemPn(int) 
20171118 12:04:51.508 [Test worker] INFO o.s.w.s.m.m.a.RequestMappingHandlerMapping - Mapped "{[/Reservation/SendEmail]}" onto public java.lang.String com.ibmMeeting.Controller.ReservationController.sendEmail(int) throws javax.mail.MessagingException 
20171118 12:04:51.508 [Test worker] INFO o.s.w.s.m.m.a.RequestMappingHandlerMapping - Mapped "{[/Reservation/GetRsvedTitle]}" onto public java.lang.String com.ibmMeeting.Controller.ReservationController.getRsvedTitle(int) 
20171118 12:04:51.509 [Test worker] INFO o.s.w.s.m.m.a.RequestMappingHandlerMapping - Mapped "{[/Reservation/GetReservationInfo]}" onto public java.util.List<com.ibmMeeting.VO.Reservation> com.ibmMeeting.Controller.ReservationController.getReservationInfo(int) 
20171118 12:04:51.509 [Test worker] INFO o.s.w.s.m.m.a.RequestMappingHandlerMapping - Mapped "{[/Reservation/RegistReservation]}" onto public org.springframework.web.servlet.ModelAndView com.ibmMeeting.Controller.ReservationController.registReservation(com.ibmMeeting.VO.Reservation,java.lang.String,org.springframework.validation.BindingResult,org.springframework.ui.ModelMap) throws javax.mail.MessagingException,java.text.ParseException 
20171118 12:04:51.509 [Test worker] INFO o.s.w.s.m.m.a.RequestMappingHandlerMapping - Mapped "{[/Reservation/ModifyRsvByResize]}" onto public java.lang.String com.ibmMeeting.Controller.ReservationController.modifyRsvByResize(int,java.sql.Time,java.sql.Time,java.sql.Time,java.lang.String) 
20171118 12:04:51.509 [Test worker] INFO o.s.w.s.m.m.a.RequestMappingHandlerMapping - Mapped "{[/Reservation/GetRsvConfirmStateVal]}" onto public java.lang.String com.ibmMeeting.Controller.ReservationController.getRsvConfirmStateVal(int) 
20171118 12:04:51.510 [Test worker] INFO o.s.w.s.m.m.a.RequestMappingHandlerMapping - Mapped "{[/Reservation/ShowInfoByTooltip]}" onto public java.util.List<com.ibmMeeting.VO.Reservation> com.ibmMeeting.Controller.ReservationController.showInfoByTooltip(int) 
20171118 12:04:51.510 [Test worker] INFO o.s.w.s.m.m.a.RequestMappingHandlerMapping - Mapped "{[/Reservation/GetReservation]}" onto public java.util.List<com.ibmMeeting.VO.Reservation> com.ibmMeeting.Controller.ReservationController.getReservation() 
20171118 12:04:51.510 [Test worker] INFO o.s.w.s.m.m.a.RequestMappingHandlerMapping - Mapped "{[/Reservation/GetPwd]}" onto public java.lang.String com.ibmMeeting.Controller.ReservationController.getPwd(int) 
20171118 12:04:51.511 [Test worker] INFO o.s.w.s.m.m.a.RequestMappingHandlerMapping - Mapped "{[/Reservation/ModifyReservation]}" onto public java.lang.String com.ibmMeeting.Controller.ReservationController.modifyRsv(com.ibmMeeting.VO.Reservation,java.lang.String) 
20171118 12:04:51.511 [Test worker] INFO o.s.w.s.m.m.a.RequestMappingHandlerMapping - Mapped "{[/Reservation/DeleteReservation]}" onto public java.lang.String com.ibmMeeting.Controller.ReservationController.deleteRsv(com.ibmMeeting.VO.Reservation) 
20171118 12:04:51.511 [Test worker] INFO o.s.w.s.m.m.a.RequestMappingHandlerMapping - Mapped "{[/Reservation/ModifyRsvByDrop]}" onto public java.lang.String com.ibmMeeting.Controller.ReservationController.modifyRsvByDrop(int,int,java.sql.Time,java.sql.Time,java.sql.Time) 
20171118 12:04:51.513 [Test worker] INFO o.s.w.s.m.m.a.RequestMappingHandlerMapping - Mapped "{[/Search/SearchAutoComplete]}" onto public void com.ibmMeeting.Controller.SearchController.searchAutocomplete(javax.servlet.http.HttpServletRequest,javax.servlet.http.HttpServletResponse) 
20171118 12:04:51.514 [Test worker] INFO o.s.w.s.m.m.a.RequestMappingHandlerMapping - Mapped "{[/Search/EasySearchAutoComplete]}" onto public void com.ibmMeeting.Controller.SearchController.easySearchAutocomplete(javax.servlet.http.HttpServletRequest,javax.servlet.http.HttpServletResponse) 
20171118 12:04:51.514 [Test worker] INFO o.s.w.s.m.m.a.RequestMappingHandlerMapping - Mapped "{[/Search/GeneralUserSearchPage]}" onto public java.lang.String com.ibmMeeting.Controller.SearchController.generalUserSearchPage(javax.servlet.http.HttpServletRequest,int,java.lang.String,java.lang.String,java.lang.String,org.springframework.ui.ModelMap) 
20171118 12:04:51.514 [Test worker] INFO o.s.w.s.m.m.a.RequestMappingHandlerMapping - Mapped "{[/Search/EasySearch]}" onto public java.util.ArrayList<java.util.HashMap<java.lang.String, java.lang.Object>> com.ibmMeeting.Controller.SearchController.generalEasySearchPage(javax.servlet.http.HttpServletRequest) 
20171118 12:04:51.515 [Test worker] INFO o.s.w.s.m.m.a.RequestMappingHandlerMapping - Mapped "{[/Search/SearchPage]}" onto public java.lang.String com.ibmMeeting.Controller.SearchController.searchPage(javax.servlet.http.HttpServletRequest) 
20171118 12:04:51.515 [Test worker] INFO o.s.w.s.m.m.a.RequestMappingHandlerMapping - Mapped "{[/Search/ShowRepeatDetail]}" onto public java.util.ArrayList<java.util.HashMap<java.lang.String, java.lang.Object>> com.ibmMeeting.Controller.SearchController.showRepeatDetail(javax.servlet.http.HttpServletRequest,org.springframework.ui.ModelMap) 
20171118 12:04:51.517 [Test worker] INFO o.s.w.s.m.m.a.RequestMappingHandlerMapping - Mapped "{[/Test/thymeleafTest]}" onto public java.lang.String com.ibmMeeting.Controller.TestController.thymeleafTest(javax.servlet.http.HttpServletRequest) 
20171118 12:04:51.517 [Test worker] INFO o.s.w.s.m.m.a.RequestMappingHandlerMapping - Mapped "{[/Test/a]}" onto public java.lang.String com.ibmMeeting.Controller.TestController.testPage() 
20171118 12:04:51.517 [Test worker] INFO o.s.w.s.m.m.a.RequestMappingHandlerMapping - Mapped "{[/Test/check]}" onto public org.springframework.web.servlet.ModelAndView com.ibmMeeting.Controller.TestController.searchPage(javax.servlet.http.HttpServletRequest,javax.servlet.http.HttpServletResponse) throws javax.mail.MessagingException,java.text.ParseException 
20171118 12:04:51.520 [Test worker] INFO o.s.w.s.m.m.a.RequestMappingHandlerMapping - Mapped "{[/error]}" onto public org.springframework.http.ResponseEntity<java.util.Map<java.lang.String, java.lang.Object>> org.springframework.boot.autoconfigure.web.BasicErrorController.error(javax.servlet.http.HttpServletRequest) 
20171118 12:04:51.521 [Test worker] INFO o.s.w.s.m.m.a.RequestMappingHandlerMapping - Mapped "{[/error],produces=[text/html]}" onto public org.springframework.web.servlet.ModelAndView org.springframework.boot.autoconfigure.web.BasicErrorController.errorHtml(javax.servlet.http.HttpServletRequest,javax.servlet.http.HttpServletResponse) 
20171118 12:04:51.594 [Test worker] INFO o.s.w.s.h.SimpleUrlHandlerMapping - Mapped URL path [/webjars/**] onto handler of type [class org.springframework.web.servlet.resource.ResourceHttpRequestHandler] 
20171118 12:04:51.594 [Test worker] INFO o.s.w.s.h.SimpleUrlHandlerMapping - Mapped URL path [/**] onto handler of type [class org.springframework.web.servlet.resource.ResourceHttpRequestHandler] 
20171118 12:04:52.365 [Test worker] DEBUG o.s.b.a.l.AutoConfigurationReportLoggingInitializer - 


=========================
AUTO-CONFIGURATION REPORT
=========================


Positive matches:
-----------------

   DataSourceAutoConfiguration matched:
      - @ConditionalOnClass found required classes 'javax.sql.DataSource', 'org.springframework.jdbc.datasource.embedded.EmbeddedDatabaseType'; @ConditionalOnMissingClass did not find unwanted class (OnClassCondition)

   DataSourceAutoConfiguration#dataSourceInitializer matched:
      - @ConditionalOnMissingBean (types: org.springframework.boot.autoconfigure.jdbc.DataSourceInitializer; SearchStrategy: all) did not find any beans (OnBeanCondition)

   DataSourceAutoConfiguration.PooledDataSourceConfiguration matched:
      - AnyNestedCondition 1 matched 1 did not; NestedCondition on DataSourceAutoConfiguration.PooledDataSourceCondition.PooledDataSourceAvailable PooledDataSource found supported DataSource; NestedCondition on DataSourceAutoConfiguration.PooledDataSourceCondition.ExplicitType @ConditionalOnProperty (spring.datasource.type) did not find property 'type' (DataSourceAutoConfiguration.PooledDataSourceCondition)
      - @ConditionalOnMissingBean (types: javax.sql.DataSource,javax.sql.XADataSource; SearchStrategy: all) did not find any beans (OnBeanCondition)

   DataSourceConfiguration.Tomcat matched:
      - @ConditionalOnClass found required class 'org.apache.tomcat.jdbc.pool.DataSource'; @ConditionalOnMissingClass did not find unwanted class (OnClassCondition)
      - @ConditionalOnProperty (spring.datasource.type=org.apache.tomcat.jdbc.pool.DataSource) matched (OnPropertyCondition)

   DataSourcePoolMetadataProvidersConfiguration.TomcatDataSourcePoolMetadataProviderConfiguration matched:
      - @ConditionalOnClass found required class 'org.apache.tomcat.jdbc.pool.DataSource'; @ConditionalOnMissingClass did not find unwanted class (OnClassCondition)

   DataSourceTransactionManagerAutoConfiguration matched:
      - @ConditionalOnClass found required classes 'org.springframework.jdbc.core.JdbcTemplate', 'org.springframework.transaction.PlatformTransactionManager'; @ConditionalOnMissingClass did not find unwanted class (OnClassCondition)

   DataSourceTransactionManagerAutoConfiguration.DataSourceTransactionManagerConfiguration matched:
      - @ConditionalOnSingleCandidate (types: javax.sql.DataSource; SearchStrategy: all) found a primary bean from beans 'dataSource' (OnBeanCondition)

   DataSourceTransactionManagerAutoConfiguration.DataSourceTransactionManagerConfiguration#transactionManager matched:
      - @ConditionalOnMissingBean (types: org.springframework.transaction.PlatformTransactionManager; SearchStrategy: all) did not find any beans (OnBeanCondition)

   DispatcherServletAutoConfiguration matched:
      - @ConditionalOnClass found required class 'org.springframework.web.servlet.DispatcherServlet'; @ConditionalOnMissingClass did not find unwanted class (OnClassCondition)
      - @ConditionalOnWebApplication (required) found 'session' scope (OnWebApplicationCondition)

   DispatcherServletAutoConfiguration.DispatcherServletConfiguration matched:
      - @ConditionalOnClass found required class 'javax.servlet.ServletRegistration'; @ConditionalOnMissingClass did not find unwanted class (OnClassCondition)
      - Default DispatcherServlet did not find dispatcher servlet beans (DispatcherServletAutoConfiguration.DefaultDispatcherServletCondition)

   DispatcherServletAutoConfiguration.DispatcherServletRegistrationConfiguration matched:
      - @ConditionalOnClass found required class 'javax.servlet.ServletRegistration'; @ConditionalOnMissingClass did not find unwanted class (OnClassCondition)
      - DispatcherServlet Registration did not find servlet registration bean (DispatcherServletAutoConfiguration.DispatcherServletRegistrationCondition)

   DispatcherServletAutoConfiguration.DispatcherServletRegistrationConfiguration#dispatcherServletRegistration matched:
      - @ConditionalOnBean (names: dispatcherServlet; types: org.springframework.web.servlet.DispatcherServlet; SearchStrategy: all) found beans 'dispatcherServlet', 'dispatcherServlet' (OnBeanCondition)

   EmbeddedServletContainerAutoConfiguration matched:
      - @ConditionalOnWebApplication (required) found 'session' scope (OnWebApplicationCondition)

   EmbeddedServletContainerAutoConfiguration.EmbeddedTomcat matched:
      - @ConditionalOnClass found required classes 'javax.servlet.Servlet', 'org.apache.catalina.startup.Tomcat'; @ConditionalOnMissingClass did not find unwanted class (OnClassCondition)
      - @ConditionalOnMissingBean (types: org.springframework.boot.context.embedded.EmbeddedServletContainerFactory; SearchStrategy: current) did not find any beans (OnBeanCondition)

   ErrorMvcAutoConfiguration matched:
      - @ConditionalOnClass found required classes 'javax.servlet.Servlet', 'org.springframework.web.servlet.DispatcherServlet'; @ConditionalOnMissingClass did not find unwanted class (OnClassCondition)
      - @ConditionalOnWebApplication (required) found 'session' scope (OnWebApplicationCondition)

   ErrorMvcAutoConfiguration#basicErrorController matched:
      - @ConditionalOnMissingBean (types: org.springframework.boot.autoconfigure.web.ErrorController; SearchStrategy: current) did not find any beans (OnBeanCondition)

   ErrorMvcAutoConfiguration#errorAttributes matched:
      - @ConditionalOnMissingBean (types: org.springframework.boot.autoconfigure.web.ErrorAttributes; SearchStrategy: current) did not find any beans (OnBeanCondition)

   ErrorMvcAutoConfiguration.DefaultErrorViewResolverConfiguration#conventionErrorViewResolver matched:
      - @ConditionalOnBean (types: org.springframework.web.servlet.DispatcherServlet; SearchStrategy: all) found bean 'dispatcherServlet'; @ConditionalOnMissingBean (types: org.springframework.boot.autoconfigure.web.DefaultErrorViewResolver; SearchStrategy: all) did not find any beans (OnBeanCondition)

   ErrorMvcAutoConfiguration.WhitelabelErrorViewConfiguration matched:
      - @ConditionalOnProperty (server.error.whitelabel.enabled) matched (OnPropertyCondition)
      - ErrorTemplate Missing did not find error template view (ErrorMvcAutoConfiguration.ErrorTemplateMissingCondition)

   ErrorMvcAutoConfiguration.WhitelabelErrorViewConfiguration#beanNameViewResolver matched:
      - @ConditionalOnMissingBean (types: org.springframework.web.servlet.view.BeanNameViewResolver; SearchStrategy: all) did not find any beans (OnBeanCondition)

   ErrorMvcAutoConfiguration.WhitelabelErrorViewConfiguration#defaultErrorView matched:
      - @ConditionalOnMissingBean (names: error; SearchStrategy: all) did not find any beans (OnBeanCondition)

   GenericCacheConfiguration matched:
      - Cache org.springframework.boot.autoconfigure.cache.GenericCacheConfiguration automatic cache type (CacheCondition)

   HttpEncodingAutoConfiguration matched:
      - @ConditionalOnClass found required class 'org.springframework.web.filter.CharacterEncodingFilter'; @ConditionalOnMissingClass did not find unwanted class (OnClassCondition)
      - @ConditionalOnWebApplication (required) found 'session' scope (OnWebApplicationCondition)
      - @ConditionalOnProperty (spring.http.encoding.enabled) matched (OnPropertyCondition)

   HttpEncodingAutoConfiguration#characterEncodingFilter matched:
      - @ConditionalOnMissingBean (types: org.springframework.web.filter.CharacterEncodingFilter; SearchStrategy: all) did not find any beans (OnBeanCondition)

   HttpMessageConvertersAutoConfiguration matched:
      - @ConditionalOnClass found required class 'org.springframework.http.converter.HttpMessageConverter'; @ConditionalOnMissingClass did not find unwanted class (OnClassCondition)

   HttpMessageConvertersAutoConfiguration#messageConverters matched:
      - @ConditionalOnMissingBean (types: org.springframework.boot.autoconfigure.web.HttpMessageConverters; SearchStrategy: all) did not find any beans (OnBeanCondition)

   HttpMessageConvertersAutoConfiguration.StringHttpMessageConverterConfiguration matched:
      - @ConditionalOnClass found required class 'org.springframework.http.converter.StringHttpMessageConverter'; @ConditionalOnMissingClass did not find unwanted class (OnClassCondition)

   HttpMessageConvertersAutoConfiguration.StringHttpMessageConverterConfiguration#stringHttpMessageConverter matched:
      - @ConditionalOnMissingBean (types: org.springframework.http.converter.StringHttpMessageConverter; SearchStrategy: all) did not find any beans (OnBeanCondition)

   JacksonAutoConfiguration matched:
      - @ConditionalOnClass found required class 'com.fasterxml.jackson.databind.ObjectMapper'; @ConditionalOnMissingClass did not find unwanted class (OnClassCondition)

   JacksonAutoConfiguration.Jackson2ObjectMapperBuilderCustomizerConfiguration matched:
      - @ConditionalOnClass found required classes 'com.fasterxml.jackson.databind.ObjectMapper', 'org.springframework.http.converter.json.Jackson2ObjectMapperBuilder'; @ConditionalOnMissingClass did not find unwanted class (OnClassCondition)

   JacksonAutoConfiguration.JacksonObjectMapperBuilderConfiguration matched:
      - @ConditionalOnClass found required classes 'com.fasterxml.jackson.databind.ObjectMapper', 'org.springframework.http.converter.json.Jackson2ObjectMapperBuilder'; @ConditionalOnMissingClass did not find unwanted class (OnClassCondition)

   JacksonAutoConfiguration.JacksonObjectMapperBuilderConfiguration#jacksonObjectMapperBuilder matched:
      - @ConditionalOnMissingBean (types: org.springframework.http.converter.json.Jackson2ObjectMapperBuilder; SearchStrategy: all) did not find any beans (OnBeanCondition)

   JacksonAutoConfiguration.JacksonObjectMapperConfiguration matched:
      - @ConditionalOnClass found required classes 'com.fasterxml.jackson.databind.ObjectMapper', 'org.springframework.http.converter.json.Jackson2ObjectMapperBuilder'; @ConditionalOnMissingClass did not find unwanted class (OnClassCondition)

   JacksonAutoConfiguration.JacksonObjectMapperConfiguration#jacksonObjectMapper matched:
      - @ConditionalOnMissingBean (types: com.fasterxml.jackson.databind.ObjectMapper; SearchStrategy: all) did not find any beans (OnBeanCondition)

   JacksonHttpMessageConvertersConfiguration.MappingJackson2HttpMessageConverterConfiguration matched:
      - @ConditionalOnClass found required class 'com.fasterxml.jackson.databind.ObjectMapper'; @ConditionalOnMissingClass did not find unwanted class (OnClassCondition)
      - @ConditionalOnProperty (spring.http.converters.preferred-json-mapper=jackson) matched (OnPropertyCondition)
      - @ConditionalOnBean (types: com.fasterxml.jackson.databind.ObjectMapper; SearchStrategy: all) found bean 'jacksonObjectMapper' (OnBeanCondition)

   JacksonHttpMessageConvertersConfiguration.MappingJackson2HttpMessageConverterConfiguration#mappingJackson2HttpMessageConverter matched:
      - @ConditionalOnMissingBean (types: org.springframework.http.converter.json.MappingJackson2HttpMessageConverter; SearchStrategy: all) did not find any beans (OnBeanCondition)

   JdbcTemplateAutoConfiguration matched:
      - @ConditionalOnClass found required classes 'javax.sql.DataSource', 'org.springframework.jdbc.core.JdbcTemplate'; @ConditionalOnMissingClass did not find unwanted class (OnClassCondition)
      - @ConditionalOnSingleCandidate (types: javax.sql.DataSource; SearchStrategy: all) found a primary bean from beans 'dataSource' (OnBeanCondition)

   JdbcTemplateAutoConfiguration#jdbcTemplate matched:
      - @ConditionalOnMissingBean (types: org.springframework.jdbc.core.JdbcOperations; SearchStrategy: all) did not find any beans (OnBeanCondition)

   JdbcTemplateAutoConfiguration#namedParameterJdbcTemplate matched:
      - @ConditionalOnMissingBean (types: org.springframework.jdbc.core.namedparam.NamedParameterJdbcOperations; SearchStrategy: all) did not find any beans (OnBeanCondition)

   MailSenderAutoConfiguration matched:
      - @ConditionalOnClass found required classes 'javax.mail.internet.MimeMessage', 'javax.activation.MimeType'; @ConditionalOnMissingClass did not find unwanted class (OnClassCondition)
      - AnyNestedCondition 1 matched 1 did not; NestedCondition on MailSenderAutoConfiguration.MailSenderCondition.JndiNameProperty @ConditionalOnProperty (spring.mail.jndi-name) did not find property 'jndi-name'; NestedCondition on MailSenderAutoConfiguration.MailSenderCondition.HostProperty @ConditionalOnProperty (spring.mail.host) matched (MailSenderAutoConfiguration.MailSenderCondition)
      - @ConditionalOnMissingBean (types: org.springframework.mail.MailSender; SearchStrategy: all) did not find any beans (OnBeanCondition)

   MultipartAutoConfiguration matched:
      - @ConditionalOnClass found required classes 'javax.servlet.Servlet', 'org.springframework.web.multipart.support.StandardServletMultipartResolver', 'javax.servlet.MultipartConfigElement'; @ConditionalOnMissingClass did not find unwanted class (OnClassCondition)
      - @ConditionalOnProperty (spring.http.multipart.enabled) matched (OnPropertyCondition)

   MultipartAutoConfiguration#multipartConfigElement matched:
      - @ConditionalOnMissingBean (types: javax.servlet.MultipartConfigElement; SearchStrategy: all) did not find any beans (OnBeanCondition)

   MultipartAutoConfiguration#multipartResolver matched:
      - @ConditionalOnMissingBean (types: org.springframework.web.multipart.MultipartResolver; SearchStrategy: all) did not find any beans (OnBeanCondition)

   MybatisAutoConfiguration matched:
      - @ConditionalOnClass found required classes 'org.apache.ibatis.session.SqlSessionFactory', 'org.mybatis.spring.SqlSessionFactoryBean'; @ConditionalOnMissingClass did not find unwanted class (OnClassCondition)
      - @ConditionalOnBean (types: javax.sql.DataSource; SearchStrategy: all) found bean 'dataSource' (OnBeanCondition)

   MybatisAutoConfiguration#sqlSessionFactory matched:
      - @ConditionalOnMissingBean (types: org.apache.ibatis.session.SqlSessionFactory; SearchStrategy: all) did not find any beans (OnBeanCondition)

   MybatisAutoConfiguration#sqlSessionTemplate matched:
      - @ConditionalOnMissingBean (types: org.mybatis.spring.SqlSessionTemplate; SearchStrategy: all) did not find any beans (OnBeanCondition)

   MybatisAutoConfiguration.MapperScannerRegistrarNotFoundConfiguration matched:
      - @ConditionalOnMissingBean (types: org.mybatis.spring.mapper.MapperFactoryBean; SearchStrategy: all) did not find any beans (OnBeanCondition)

   NoOpCacheConfiguration matched:
      - Cache org.springframework.boot.autoconfigure.cache.NoOpCacheConfiguration automatic cache type (CacheCondition)

   PersistenceExceptionTranslationAutoConfiguration matched:
      - @ConditionalOnClass found required class 'org.springframework.dao.annotation.PersistenceExceptionTranslationPostProcessor'; @ConditionalOnMissingClass did not find unwanted class (OnClassCondition)

   PersistenceExceptionTranslationAutoConfiguration#persistenceExceptionTranslationPostProcessor matched:
      - @ConditionalOnProperty (spring.dao.exceptiontranslation.enabled) matched (OnPropertyCondition)
      - @ConditionalOnMissingBean (types: org.springframework.dao.annotation.PersistenceExceptionTranslationPostProcessor; SearchStrategy: all) did not find any beans (OnBeanCondition)

   PropertyPlaceholderAutoConfiguration#propertySourcesPlaceholderConfigurer matched:
      - @ConditionalOnMissingBean (types: org.springframework.context.support.PropertySourcesPlaceholderConfigurer; SearchStrategy: current) did not find any beans (OnBeanCondition)

   RedisCacheConfiguration matched:
      - Cache org.springframework.boot.autoconfigure.cache.RedisCacheConfiguration automatic cache type (CacheCondition)

   ServerPropertiesAutoConfiguration matched:
      - @ConditionalOnWebApplication (required) found 'session' scope (OnWebApplicationCondition)

   ServerPropertiesAutoConfiguration#serverProperties matched:
      - @ConditionalOnMissingBean (types: org.springframework.boot.autoconfigure.web.ServerProperties; SearchStrategy: current) did not find any beans (OnBeanCondition)

   SimpleCacheConfiguration matched:
      - Cache org.springframework.boot.autoconfigure.cache.SimpleCacheConfiguration automatic cache type (CacheCondition)

   TransactionAutoConfiguration matched:
      - @ConditionalOnClass found required class 'org.springframework.transaction.PlatformTransactionManager'; @ConditionalOnMissingClass did not find unwanted class (OnClassCondition)

   TransactionAutoConfiguration#platformTransactionManagerCustomizers matched:
      - @ConditionalOnMissingBean (types: org.springframework.boot.autoconfigure.transaction.TransactionManagerCustomizers; SearchStrategy: all) did not find any beans (OnBeanCondition)

   TransactionAutoConfiguration.EnableTransactionManagementConfiguration matched:
      - @ConditionalOnBean (types: org.springframework.transaction.PlatformTransactionManager; SearchStrategy: all) found bean 'transactionManager'; @ConditionalOnMissingBean (types: org.springframework.transaction.annotation.AbstractTransactionManagementConfiguration; SearchStrategy: all) did not find any beans (OnBeanCondition)

   TransactionAutoConfiguration.EnableTransactionManagementConfiguration.CglibAutoProxyConfiguration matched:
      - @ConditionalOnProperty (spring.aop.proxy-target-class=true) matched (OnPropertyCondition)

   TransactionAutoConfiguration.TransactionTemplateConfiguration matched:
      - @ConditionalOnSingleCandidate (types: org.springframework.transaction.PlatformTransactionManager; SearchStrategy: all) found a primary bean from beans 'transactionManager' (OnBeanCondition)

   TransactionAutoConfiguration.TransactionTemplateConfiguration#transactionTemplate matched:
      - @ConditionalOnMissingBean (types: org.springframework.transaction.support.TransactionTemplate; SearchStrategy: all) did not find any beans (OnBeanCondition)

   ValidationAutoConfiguration matched:
      - @ConditionalOnClass found required class 'javax.validation.executable.ExecutableValidator'; @ConditionalOnMissingClass did not find unwanted class (OnClassCondition)
      - @ConditionalOnResource found location classpath:META-INF/services/javax.validation.spi.ValidationProvider (OnResourceCondition)

   ValidationAutoConfiguration#defaultValidator matched:
      - @ConditionalOnMissingBean (types: javax.validation.Validator; SearchStrategy: all) did not find any beans (OnBeanCondition)

   ValidationAutoConfiguration#methodValidationPostProcessor matched:
      - @ConditionalOnMissingBean (types: org.springframework.validation.beanvalidation.MethodValidationPostProcessor; SearchStrategy: all) did not find any beans (OnBeanCondition)

   WebClientAutoConfiguration.RestTemplateConfiguration matched:
      - @ConditionalOnClass found required class 'org.springframework.web.client.RestTemplate'; @ConditionalOnMissingClass did not find unwanted class (OnClassCondition)

   WebClientAutoConfiguration.RestTemplateConfiguration#restTemplateBuilder matched:
      - @ConditionalOnMissingBean (types: org.springframework.boot.web.client.RestTemplateBuilder; SearchStrategy: all) did not find any beans (OnBeanCondition)

   WebMvcAutoConfiguration matched:
      - @ConditionalOnClass found required classes 'javax.servlet.Servlet', 'org.springframework.web.servlet.DispatcherServlet', 'org.springframework.web.servlet.config.annotation.WebMvcConfigurerAdapter'; @ConditionalOnMissingClass did not find unwanted class (OnClassCondition)
      - @ConditionalOnWebApplication (required) found 'session' scope (OnWebApplicationCondition)
      - @ConditionalOnMissingBean (types: org.springframework.web.servlet.config.annotation.WebMvcConfigurationSupport; SearchStrategy: all) did not find any beans (OnBeanCondition)

   WebMvcAutoConfiguration#hiddenHttpMethodFilter matched:
      - @ConditionalOnMissingBean (types: org.springframework.web.filter.HiddenHttpMethodFilter; SearchStrategy: all) did not find any beans (OnBeanCondition)

   WebMvcAutoConfiguration#httpPutFormContentFilter matched:
      - @ConditionalOnProperty (spring.mvc.formcontent.putfilter.enabled) matched (OnPropertyCondition)
      - @ConditionalOnMissingBean (types: org.springframework.web.filter.HttpPutFormContentFilter; SearchStrategy: all) did not find any beans (OnBeanCondition)

   WebMvcAutoConfiguration.WebMvcAutoConfigurationAdapter#defaultViewResolver matched:
      - @ConditionalOnMissingBean (types: org.springframework.web.servlet.view.InternalResourceViewResolver; SearchStrategy: all) did not find any beans (OnBeanCondition)

   WebMvcAutoConfiguration.WebMvcAutoConfigurationAdapter#requestContextFilter matched:
      - @ConditionalOnMissingBean (types: org.springframework.web.context.request.RequestContextListener,org.springframework.web.filter.RequestContextFilter; SearchStrategy: all) did not find any beans (OnBeanCondition)

   WebMvcAutoConfiguration.WebMvcAutoConfigurationAdapter#viewResolver matched:
      - @ConditionalOnBean (types: org.springframework.web.servlet.ViewResolver; SearchStrategy: all) found beans 'beanNameViewResolver', 'defaultViewResolver', 'mvcViewResolver'; @ConditionalOnMissingBean (names: viewResolver; types: org.springframework.web.servlet.view.ContentNegotiatingViewResolver; SearchStrategy: all) did not find any beans (OnBeanCondition)

   WebMvcAutoConfiguration.WebMvcAutoConfigurationAdapter.FaviconConfiguration matched:
      - @ConditionalOnProperty (spring.mvc.favicon.enabled) matched (OnPropertyCondition)

   WebSocketAutoConfiguration matched:
      - @ConditionalOnClass found required classes 'javax.servlet.Servlet', 'javax.websocket.server.ServerContainer'; @ConditionalOnMissingClass did not find unwanted class (OnClassCondition)
      - @ConditionalOnWebApplication (required) found 'session' scope (OnWebApplicationCondition)

   WebSocketAutoConfiguration.TomcatWebSocketConfiguration matched:
      - @ConditionalOnClass found required classes 'org.apache.catalina.startup.Tomcat', 'org.apache.tomcat.websocket.server.WsSci'; @ConditionalOnMissingClass did not find unwanted class (OnClassCondition)

   WebSocketAutoConfiguration.TomcatWebSocketConfiguration#websocketContainerCustomizer matched:
      - @ConditionalOnJava (1.7 or newer) found 1.8 (OnJavaCondition)
      - @ConditionalOnMissingBean (names: websocketContainerCustomizer; SearchStrategy: all) did not find any beans (OnBeanCondition)


Negative matches:
-----------------

   ActiveMQAutoConfiguration:
      Did not match:
         - @ConditionalOnClass did not find required classes 'javax.jms.ConnectionFactory', 'org.apache.activemq.ActiveMQConnectionFactory' (OnClassCondition)

   AopAutoConfiguration:
      Did not match:
         - @ConditionalOnClass did not find required classes 'org.aspectj.lang.annotation.Aspect', 'org.aspectj.lang.reflect.Advice' (OnClassCondition)

   ArtemisAutoConfiguration:
      Did not match:
         - @ConditionalOnClass did not find required classes 'javax.jms.ConnectionFactory', 'org.apache.activemq.artemis.jms.client.ActiveMQConnectionFactory' (OnClassCondition)

   BatchAutoConfiguration:
      Did not match:
         - @ConditionalOnClass did not find required class 'org.springframework.batch.core.launch.JobLauncher' (OnClassCondition)

   CacheAutoConfiguration:
      Did not match:
         - @ConditionalOnBean (types: org.springframework.cache.interceptor.CacheAspectSupport; SearchStrategy: all) did not find any beans (OnBeanCondition)
      Matched:
         - @ConditionalOnClass found required class 'org.springframework.cache.CacheManager'; @ConditionalOnMissingClass did not find unwanted class (OnClassCondition)

   CacheAutoConfiguration.CacheManagerJpaDependencyConfiguration:
      Did not match:
         - @ConditionalOnClass did not find required class 'org.springframework.orm.jpa.LocalContainerEntityManagerFactoryBean' (OnClassCondition)
         - Ancestor org.springframework.boot.autoconfigure.cache.CacheAutoConfiguration did not match (ConditionEvaluationReport.AncestorsMatchedCondition)

   CaffeineCacheConfiguration:
      Did not match:
         - @ConditionalOnClass did not find required class 'com.github.benmanes.caffeine.cache.Caffeine' (OnClassCondition)

   CassandraAutoConfiguration:
      Did not match:
         - @ConditionalOnClass did not find required class 'com.datastax.driver.core.Cluster' (OnClassCondition)

   CassandraDataAutoConfiguration:
      Did not match:
         - @ConditionalOnClass did not find required classes 'com.datastax.driver.core.Cluster', 'org.springframework.data.cassandra.core.CassandraAdminOperations' (OnClassCondition)

   CassandraRepositoriesAutoConfiguration:
      Did not match:
         - @ConditionalOnClass did not find required classes 'com.datastax.driver.core.Session', 'org.springframework.data.cassandra.repository.CassandraRepository' (OnClassCondition)

   CloudAutoConfiguration:
      Did not match:
         - @ConditionalOnClass did not find required class 'org.springframework.cloud.config.java.CloudScanConfiguration' (OnClassCondition)

   CouchbaseAutoConfiguration:
      Did not match:
         - @ConditionalOnClass did not find required classes 'com.couchbase.client.java.CouchbaseBucket', 'com.couchbase.client.java.Cluster' (OnClassCondition)

   CouchbaseCacheConfiguration:
      Did not match:
         - @ConditionalOnClass did not find required classes 'com.couchbase.client.java.Bucket', 'com.couchbase.client.spring.cache.CouchbaseCacheManager' (OnClassCondition)

   CouchbaseDataAutoConfiguration:
      Did not match:
         - @ConditionalOnClass did not find required classes 'com.couchbase.client.java.Bucket', 'org.springframework.data.couchbase.repository.CouchbaseRepository' (OnClassCondition)

   CouchbaseRepositoriesAutoConfiguration:
      Did not match:
         - @ConditionalOnClass did not find required classes 'com.couchbase.client.java.Bucket', 'org.springframework.data.couchbase.repository.CouchbaseRepository' (OnClassCondition)

   DataSourceAutoConfiguration.EmbeddedDatabaseConfiguration:
      Did not match:
         - EmbeddedDataSource found supported pooled data source (DataSourceAutoConfiguration.EmbeddedDatabaseCondition)

   DataSourceAutoConfiguration.TomcatDataSourceJmxConfiguration:
      Did not match:
         - @ConditionalOnProperty (spring.datasource.jmx-enabled) did not find property 'jmx-enabled' (OnPropertyCondition)
      Matched:
         - @ConditionalOnClass found required class 'org.apache.tomcat.jdbc.pool.DataSourceProxy'; @ConditionalOnMissingClass did not find unwanted class (OnClassCondition)

   DataSourceConfiguration.Dbcp:
      Did not match:
         - @ConditionalOnClass did not find required class 'org.apache.commons.dbcp.BasicDataSource' (OnClassCondition)

   DataSourceConfiguration.Dbcp2:
      Did not match:
         - @ConditionalOnClass did not find required class 'org.apache.commons.dbcp2.BasicDataSource' (OnClassCondition)

   DataSourceConfiguration.Generic:
      Did not match:
         - @ConditionalOnProperty (spring.datasource.type) did not find property 'spring.datasource.type' (OnPropertyCondition)

   DataSourceConfiguration.Hikari:
      Did not match:
         - @ConditionalOnClass did not find required class 'com.zaxxer.hikari.HikariDataSource' (OnClassCondition)

   DataSourcePoolMetadataProvidersConfiguration.CommonsDbcp2PoolDataSourceMetadataProviderConfiguration:
      Did not match:
         - @ConditionalOnClass did not find required class 'org.apache.commons.dbcp2.BasicDataSource' (OnClassCondition)

   DataSourcePoolMetadataProvidersConfiguration.CommonsDbcpPoolDataSourceMetadataProviderConfiguration:
      Did not match:
         - @ConditionalOnClass did not find required class 'org.apache.commons.dbcp.BasicDataSource' (OnClassCondition)

   DataSourcePoolMetadataProvidersConfiguration.HikariPoolDataSourceMetadataProviderConfiguration:
      Did not match:
         - @ConditionalOnClass did not find required class 'com.zaxxer.hikari.HikariDataSource' (OnClassCondition)

   DeviceDelegatingViewResolverAutoConfiguration:
      Did not match:
         - @ConditionalOnClass did not find required class 'org.springframework.mobile.device.view.LiteDeviceDelegatingViewResolver' (OnClassCondition)

   DeviceResolverAutoConfiguration:
      Did not match:
         - @ConditionalOnClass did not find required classes 'org.springframework.mobile.device.DeviceResolverHandlerInterceptor', 'org.springframework.mobile.device.DeviceHandlerMethodArgumentResolver' (OnClassCondition)

   DispatcherServletAutoConfiguration.DispatcherServletConfiguration#multipartResolver:
      Did not match:
         - @ConditionalOnBean (types: org.springframework.web.multipart.MultipartResolver; SearchStrategy: all) did not find any beans (OnBeanCondition)

   EhCacheCacheConfiguration:
      Did not match:
         - @ConditionalOnClass did not find required class 'net.sf.ehcache.Cache' (OnClassCondition)

   ElasticsearchAutoConfiguration:
      Did not match:
         - @ConditionalOnClass did not find required classes 'org.elasticsearch.client.Client', 'org.springframework.data.elasticsearch.client.TransportClientFactoryBean', 'org.springframework.data.elasticsearch.client.NodeClientFactoryBean' (OnClassCondition)

   ElasticsearchDataAutoConfiguration:
      Did not match:
         - @ConditionalOnClass did not find required classes 'org.elasticsearch.client.Client', 'org.springframework.data.elasticsearch.core.ElasticsearchTemplate' (OnClassCondition)

   ElasticsearchRepositoriesAutoConfiguration:
      Did not match:
         - @ConditionalOnClass did not find required classes 'org.elasticsearch.client.Client', 'org.springframework.data.elasticsearch.repository.ElasticsearchRepository' (OnClassCondition)

   EmbeddedLdapAutoConfiguration:
      Did not match:
         - @ConditionalOnClass did not find required class 'com.unboundid.ldap.listener.InMemoryDirectoryServer' (OnClassCondition)

   EmbeddedMongoAutoConfiguration:
      Did not match:
         - @ConditionalOnClass did not find required classes 'com.mongodb.Mongo', 'de.flapdoodle.embed.mongo.MongodStarter' (OnClassCondition)

   EmbeddedServletContainerAutoConfiguration.EmbeddedJetty:
      Did not match:
         - @ConditionalOnClass did not find required classes 'org.eclipse.jetty.server.Server', 'org.eclipse.jetty.util.Loader', 'org.eclipse.jetty.webapp.WebAppContext' (OnClassCondition)

   EmbeddedServletContainerAutoConfiguration.EmbeddedUndertow:
      Did not match:
         - @ConditionalOnClass did not find required classes 'io.undertow.Undertow', 'org.xnio.SslClientAuthMode' (OnClassCondition)

   FacebookAutoConfiguration:
      Did not match:
         - @ConditionalOnClass did not find required classes 'org.springframework.social.config.annotation.SocialConfigurerAdapter', 'org.springframework.social.facebook.connect.FacebookConnectionFactory' (OnClassCondition)

   FallbackWebSecurityAutoConfiguration:
      Did not match:
         - @ConditionalOnClass did not find required class 'org.springframework.security.config.annotation.web.configuration.EnableWebSecurity' (OnClassCondition)

   FlywayAutoConfiguration:
      Did not match:
         - @ConditionalOnClass did not find required class 'org.flywaydb.core.Flyway' (OnClassCondition)

   FreeMarkerAutoConfiguration:
      Did not match:
         - @ConditionalOnClass did not find required class 'freemarker.template.Configuration' (OnClassCondition)

   GroovyTemplateAutoConfiguration:
      Did not match:
         - @ConditionalOnClass did not find required class 'groovy.text.markup.MarkupTemplateEngine' (OnClassCondition)

   GsonAutoConfiguration:
      Did not match:
         - @ConditionalOnClass did not find required class 'com.google.gson.Gson' (OnClassCondition)

   GsonHttpMessageConvertersConfiguration:
      Did not match:
         - @ConditionalOnClass did not find required class 'com.google.gson.Gson' (OnClassCondition)

   GuavaCacheConfiguration:
      Did not match:
         - @ConditionalOnClass did not find required class 'com.google.common.cache.CacheBuilder' (OnClassCondition)

   H2ConsoleAutoConfiguration:
      Did not match:
         - @ConditionalOnClass did not find required class 'org.h2.server.web.WebServlet' (OnClassCondition)

   HazelcastAutoConfiguration:
      Did not match:
         - @ConditionalOnClass did not find required class 'com.hazelcast.core.HazelcastInstance' (OnClassCondition)

   HazelcastCacheConfiguration:
      Did not match:
         - @ConditionalOnClass did not find required classes 'com.hazelcast.core.HazelcastInstance', 'com.hazelcast.spring.cache.HazelcastCacheManager' (OnClassCondition)

   HazelcastJpaDependencyAutoConfiguration:
      Did not match:
         - @ConditionalOnClass did not find required classes 'com.hazelcast.core.HazelcastInstance', 'org.springframework.orm.jpa.LocalContainerEntityManagerFactoryBean' (OnClassCondition)

   HibernateJpaAutoConfiguration:
      Did not match:
         - @ConditionalOnClass did not find required classes 'org.springframework.orm.jpa.LocalContainerEntityManagerFactoryBean', 'javax.persistence.EntityManager' (OnClassCondition)

   HypermediaAutoConfiguration:
      Did not match:
         - @ConditionalOnClass did not find required classes 'org.springframework.hateoas.Resource', 'org.springframework.plugin.core.Plugin' (OnClassCondition)

   InfinispanCacheConfiguration:
      Did not match:
         - @ConditionalOnClass did not find required class 'org.infinispan.spring.provider.SpringEmbeddedCacheManager' (OnClassCondition)

   IntegrationAutoConfiguration:
      Did not match:
         - @ConditionalOnClass did not find required class 'org.springframework.integration.config.EnableIntegration' (OnClassCondition)

   JCacheCacheConfiguration:
      Did not match:
         - @ConditionalOnClass did not find required class 'javax.cache.Caching' (OnClassCondition)

   JacksonAutoConfiguration.JodaDateTimeJacksonConfiguration:
      Did not match:
         - @ConditionalOnClass did not find required classes 'org.joda.time.DateTime', 'com.fasterxml.jackson.datatype.joda.ser.DateTimeSerializer', 'com.fasterxml.jackson.datatype.joda.cfg.JacksonJodaDateFormat' (OnClassCondition)

   JacksonAutoConfiguration.ParameterNamesModuleConfiguration:
      Did not match:
         - @ConditionalOnClass did not find required class 'com.fasterxml.jackson.module.paramnames.ParameterNamesModule' (OnClassCondition)

   JacksonHttpMessageConvertersConfiguration.MappingJackson2XmlHttpMessageConverterConfiguration:
      Did not match:
         - @ConditionalOnClass did not find required class 'com.fasterxml.jackson.dataformat.xml.XmlMapper' (OnClassCondition)

   JerseyAutoConfiguration:
      Did not match:
         - @ConditionalOnClass did not find required class 'org.glassfish.jersey.server.spring.SpringComponentProvider' (OnClassCondition)

   JestAutoConfiguration:
      Did not match:
         - @ConditionalOnClass did not find required class 'io.searchbox.client.JestClient' (OnClassCondition)

   JmsAutoConfiguration:
      Did not match:
         - @ConditionalOnClass did not find required classes 'javax.jms.Message', 'org.springframework.jms.core.JmsTemplate' (OnClassCondition)

   JmxAutoConfiguration:
      Did not match:
         - @ConditionalOnProperty (spring.jmx.enabled=true) found different value in property 'enabled' (OnPropertyCondition)
      Matched:
         - @ConditionalOnClass found required class 'org.springframework.jmx.export.MBeanExporter'; @ConditionalOnMissingClass did not find unwanted class (OnClassCondition)

   JndiConnectionFactoryAutoConfiguration:
      Did not match:
         - @ConditionalOnClass did not find required class 'org.springframework.jms.core.JmsTemplate' (OnClassCondition)

   JndiDataSourceAutoConfiguration:
      Did not match:
         - @ConditionalOnProperty (spring.datasource.jndi-name) did not find property 'jndi-name' (OnPropertyCondition)
      Matched:
         - @ConditionalOnClass found required classes 'javax.sql.DataSource', 'org.springframework.jdbc.datasource.embedded.EmbeddedDatabaseType'; @ConditionalOnMissingClass did not find unwanted class (OnClassCondition)

   JndiSessionConfiguration:
      Did not match:
         - @ConditionalOnProperty (spring.mail.jndi-name) did not find property 'jndi-name' (OnPropertyCondition)
      Matched:
         - @ConditionalOnClass found required class 'javax.mail.Session'; @ConditionalOnMissingClass did not find unwanted class (OnClassCondition)

   JooqAutoConfiguration:
      Did not match:
         - @ConditionalOnClass did not find required class 'org.jooq.DSLContext' (OnClassCondition)

   JpaRepositoriesAutoConfiguration:
      Did not match:
         - @ConditionalOnClass did not find required class 'org.springframework.data.jpa.repository.JpaRepository' (OnClassCondition)

   JtaAutoConfiguration:
      Did not match:
         - @ConditionalOnClass did not find required class 'javax.transaction.Transaction' (OnClassCondition)

   KafkaAutoConfiguration:
      Did not match:
         - @ConditionalOnClass did not find required class 'org.springframework.kafka.core.KafkaTemplate' (OnClassCondition)

   LdapAutoConfiguration:
      Did not match:
         - @ConditionalOnClass did not find required class 'org.springframework.ldap.core.ContextSource' (OnClassCondition)

   LdapDataAutoConfiguration:
      Did not match:
         - @ConditionalOnClass did not find required class 'org.springframework.data.ldap.repository.LdapRepository' (OnClassCondition)

   LdapRepositoriesAutoConfiguration:
      Did not match:
         - @ConditionalOnClass did not find required class 'org.springframework.data.ldap.repository.LdapRepository' (OnClassCondition)

   LinkedInAutoConfiguration:
      Did not match:
         - @ConditionalOnClass did not find required classes 'org.springframework.social.config.annotation.SocialConfigurerAdapter', 'org.springframework.social.linkedin.connect.LinkedInConnectionFactory' (OnClassCondition)

   LiquibaseAutoConfiguration:
      Did not match:
         - @ConditionalOnClass did not find required class 'liquibase.integration.spring.SpringLiquibase' (OnClassCondition)

   MailSenderValidatorAutoConfiguration:
      Did not match:
         - @ConditionalOnProperty (spring.mail.test-connection) did not find property 'test-connection' (OnPropertyCondition)

   MessageSourceAutoConfiguration:
      Did not match:
         - ResourceBundle did not find bundle with basename messages (MessageSourceAutoConfiguration.ResourceBundleCondition)

   MongoAutoConfiguration:
      Did not match:
         - @ConditionalOnClass did not find required class 'com.mongodb.MongoClient' (OnClassCondition)

   MongoDataAutoConfiguration:
      Did not match:
         - @ConditionalOnClass did not find required classes 'com.mongodb.Mongo', 'org.springframework.data.mongodb.core.MongoTemplate' (OnClassCondition)

   MongoRepositoriesAutoConfiguration:
      Did not match:
         - @ConditionalOnClass did not find required classes 'com.mongodb.Mongo', 'org.springframework.data.mongodb.repository.MongoRepository' (OnClassCondition)

   MustacheAutoConfiguration:
      Did not match:
         - @ConditionalOnClass did not find required class 'com.samskivert.mustache.Mustache' (OnClassCondition)

   Neo4jDataAutoConfiguration:
      Did not match:
         - @ConditionalOnClass did not find required classes 'org.neo4j.ogm.session.SessionFactory', 'org.springframework.data.neo4j.transaction.Neo4jTransactionManager' (OnClassCondition)

   Neo4jRepositoriesAutoConfiguration:
      Did not match:
         - @ConditionalOnClass did not find required classes 'org.neo4j.ogm.session.Neo4jSession', 'org.springframework.data.neo4j.repository.GraphRepository' (OnClassCondition)

   OAuth2AutoConfiguration:
      Did not match:
         - @ConditionalOnClass did not find required class 'org.springframework.security.oauth2.common.OAuth2AccessToken' (OnClassCondition)

   ProjectInfoAutoConfiguration#buildProperties:
      Did not match:
         - @ConditionalOnResource did not find resource '${spring.info.build.location:classpath:META-INF/build-info.properties}' (OnResourceCondition)

   ProjectInfoAutoConfiguration#gitProperties:
      Did not match:
         - GitResource did not find git info at classpath:git.properties (ProjectInfoAutoConfiguration.GitResourceAvailableCondition)

   RabbitAutoConfiguration:
      Did not match:
         - @ConditionalOnClass did not find required classes 'org.springframework.amqp.rabbit.core.RabbitTemplate', 'com.rabbitmq.client.Channel' (OnClassCondition)

   ReactorAutoConfiguration:
      Did not match:
         - @ConditionalOnClass did not find required classes 'reactor.spring.context.config.EnableReactor', 'reactor.Environment' (OnClassCondition)

   RedisAutoConfiguration:
      Did not match:
         - @ConditionalOnClass did not find required classes 'org.springframework.data.redis.connection.jedis.JedisConnection', 'org.springframework.data.redis.core.RedisOperations', 'redis.clients.jedis.Jedis' (OnClassCondition)

   RedisRepositoriesAutoConfiguration:
      Did not match:
         - @ConditionalOnClass did not find required classes 'redis.clients.jedis.Jedis', 'org.springframework.data.redis.repository.configuration.EnableRedisRepositories' (OnClassCondition)

   RepositoryRestMvcAutoConfiguration:
      Did not match:
         - @ConditionalOnClass did not find required class 'org.springframework.data.rest.webmvc.config.RepositoryRestMvcConfiguration' (OnClassCondition)

   SecurityAutoConfiguration:
      Did not match:
         - @ConditionalOnClass did not find required class 'org.springframework.security.config.annotation.authentication.configurers.GlobalAuthenticationConfigurerAdapter' (OnClassCondition)

   SecurityFilterAutoConfiguration:
      Did not match:
         - @ConditionalOnClass did not find required class 'org.springframework.security.config.http.SessionCreationPolicy' (OnClassCondition)

   SendGridAutoConfiguration:
      Did not match:
         - @ConditionalOnClass did not find required class 'com.sendgrid.SendGrid' (OnClassCondition)

   SessionAutoConfiguration:
      Did not match:
         - @ConditionalOnClass did not find required class 'org.springframework.session.Session' (OnClassCondition)

   SitePreferenceAutoConfiguration:
      Did not match:
         - @ConditionalOnClass did not find required classes 'org.springframework.mobile.device.site.SitePreferenceHandlerInterceptor', 'org.springframework.mobile.device.site.SitePreferenceHandlerMethodArgumentResolver' (OnClassCondition)

   SocialWebAutoConfiguration:
      Did not match:
         - @ConditionalOnClass did not find required classes 'org.springframework.social.connect.web.ConnectController', 'org.springframework.social.config.annotation.SocialConfigurerAdapter' (OnClassCondition)

   SolrAutoConfiguration:
      Did not match:
         - @ConditionalOnClass did not find required classes 'org.apache.solr.client.solrj.impl.HttpSolrClient', 'org.apache.solr.client.solrj.impl.CloudSolrClient' (OnClassCondition)

   SolrRepositoriesAutoConfiguration:
      Did not match:
         - @ConditionalOnClass did not find required classes 'org.apache.solr.client.solrj.SolrClient', 'org.springframework.data.solr.repository.SolrRepository' (OnClassCondition)

   SpringApplicationAdminJmxAutoConfiguration:
      Did not match:
         - @ConditionalOnProperty (spring.application.admin.enabled=true) did not find property 'enabled' (OnPropertyCondition)

   SpringDataWebAutoConfiguration:
      Did not match:
         - @ConditionalOnClass did not find required class 'org.springframework.data.web.PageableHandlerMethodArgumentResolver' (OnClassCondition)

   ThymeleafAutoConfiguration:
      Did not match:
         - @ConditionalOnClass did not find required class 'org.thymeleaf.spring4.SpringTemplateEngine' (OnClassCondition)

   TransactionAutoConfiguration.EnableTransactionManagementConfiguration.JdkDynamicAutoProxyConfiguration:
      Did not match:
         - @ConditionalOnProperty (spring.aop.proxy-target-class=false) did not find property 'proxy-target-class' (OnPropertyCondition)

   TwitterAutoConfiguration:
      Did not match:
         - @ConditionalOnClass did not find required classes 'org.springframework.social.config.annotation.SocialConfigurerAdapter', 'org.springframework.social.twitter.connect.TwitterConnectionFactory' (OnClassCondition)

   WebMvcAutoConfiguration.ResourceChainCustomizerConfiguration:
      Did not match:
         - @ConditionalOnEnabledResourceChain did not find class org.webjars.WebJarAssetLocator (OnEnabledResourceChainCondition)

   WebMvcAutoConfiguration.WebMvcAutoConfigurationAdapter#beanNameViewResolver:
      Did not match:
         - @ConditionalOnMissingBean (types: org.springframework.web.servlet.view.BeanNameViewResolver; SearchStrategy: all) found bean 'beanNameViewResolver' (OnBeanCondition)

   WebMvcAutoConfiguration.WebMvcAutoConfigurationAdapter#dateFormatter:
      Did not match:
         - @ConditionalOnProperty (spring.mvc.date-format) did not find property 'date-format' (OnPropertyCondition)

   WebMvcAutoConfiguration.WebMvcAutoConfigurationAdapter#localeResolver:
      Did not match:
         - @ConditionalOnProperty (spring.mvc.locale) did not find property 'locale' (OnPropertyCondition)

   WebServicesAutoConfiguration:
      Did not match:
         - @ConditionalOnClass did not find required class 'org.springframework.ws.transport.http.MessageDispatcherServlet' (OnClassCondition)

   WebSocketAutoConfiguration.JettyWebSocketConfiguration:
      Did not match:
         - @ConditionalOnClass did not find required class 'org.eclipse.jetty.websocket.jsr356.server.deploy.WebSocketServerContainerInitializer' (OnClassCondition)

   WebSocketAutoConfiguration.UndertowWebSocketConfiguration:
      Did not match:
         - @ConditionalOnClass did not find required class 'io.undertow.websockets.jsr.Bootstrap' (OnClassCondition)

   WebSocketMessagingAutoConfiguration:
      Did not match:
         - @ConditionalOnClass did not find required class 'org.springframework.web.socket.config.annotation.WebSocketMessageBrokerConfigurer' (OnClassCondition)

   XADataSourceAutoConfiguration:
      Did not match:
         - @ConditionalOnClass did not find required class 'javax.transaction.TransactionManager' (OnClassCondition)


Exclusions:
-----------

    None


Unconditional classes:
----------------------

    org.springframework.boot.autoconfigure.web.WebClientAutoConfiguration

    org.springframework.boot.autoconfigure.context.PropertyPlaceholderAutoConfiguration

    org.springframework.boot.autoconfigure.context.ConfigurationPropertiesAutoConfiguration

    org.springframework.boot.autoconfigure.info.ProjectInfoAutoConfiguration


 
20171118 12:04:52.432 [Test worker] INFO c.i.IbmMeetingApplicationTests - Started IbmMeetingApplicationTests in 12.074 seconds (JVM running for 15.83) 
]]></system-out>
  <system-err><![CDATA[]]></system-err>
</testsuite>
